2025-05-31 14:31:19,703 - AkShareFetcher - INFO - 初始化AkShare接口信息
2025-05-31 14:31:19,928 - AkShareFetcher - WARNING - 扫描模块时出错: 连接异常, 请检查您的Token是否过期和输入的参数是否正确
2025-05-31 14:31:19,942 - AkShareFetcher - INFO - 发现2259个AkShare接口函数
2025-05-31 14:31:19,942 - AkShareFetcher - INFO - 开始获取数据: index_us_stock_sina{.INX}, 参数: {}
2025-05-31 14:31:19,943 - AkShareFetcher - ERROR - 获取数据失败: index_us_stock_sina{.INX}, 错误: 接口不存在: index_us_stock_sina{.INX}
2025-05-31 14:33:21,462 - AkShareFetcher - INFO - 初始化AkShare接口信息
2025-05-31 14:33:21,639 - AkShareFetcher - WARNING - 扫描模块时出错: 连接异常, 请检查您的Token是否过期和输入的参数是否正确
2025-05-31 14:33:21,650 - AkShareFetcher - INFO - 发现2259个AkShare接口函数
2025-05-31 14:33:21,650 - AkShareFetcher - INFO - 开始获取数据: index_us_stock_sina{symbol=.INX}, 参数: {}
2025-05-31 14:33:21,650 - AkShareFetcher - ERROR - 获取数据失败: index_us_stock_sina{symbol=.INX}, 错误: 接口不存在: index_us_stock_sina{symbol=.INX}
2025-05-31 14:54:05,389 - AkShareFetcher - INFO - 初始化AkShare接口信息
2025-05-31 14:54:05,566 - AkShareFetcher - WARNING - 扫描模块时出错: 连接异常, 请检查您的Token是否过期和输入的参数是否正确
2025-05-31 14:54:05,575 - AkShareFetcher - INFO - 发现2259个AkShare接口函数
2025-05-31 14:54:05,577 - AkShareFetcher - INFO - 初始化AkShare接口信息
2025-05-31 14:54:05,726 - AkShareFetcher - WARNING - 扫描模块时出错: 连接异常, 请检查您的Token是否过期和输入的参数是否正确
2025-05-31 14:54:05,733 - AkShareFetcher - INFO - 发现2259个AkShare接口函数
2025-05-31 14:54:05,733 - AkShareFetcher - INFO - 开始获取数据: index_us_stock_sina, 参数: {'symbol': '.INX'}
2025-05-31 14:54:06,033 - AkShareFetcher - INFO - 数据获取成功: index_us_stock_sina, 行数: 5390, 列数: 7
2025-05-31 14:54:50,308 - AkShareFetcher - INFO - 初始化AkShare接口信息
2025-05-31 14:54:50,498 - AkShareFetcher - WARNING - 扫描模块时出错: 连接异常, 请检查您的Token是否过期和输入的参数是否正确
2025-05-31 14:54:50,505 - AkShareFetcher - INFO - 发现2259个AkShare接口函数
2025-05-31 15:09:11,196 - AkShareFetcher - INFO - 初始化AkShare接口信息
2025-05-31 15:09:11,381 - AkShareFetcher - WARNING - 扫描模块时出错: 连接异常, 请检查您的Token是否过期和输入的参数是否正确
2025-05-31 15:09:11,388 - AkShareFetcher - INFO - 发现2259个AkShare接口函数
2025-05-31 15:09:11,389 - AkShareFetcher - INFO - 初始化AkShare接口信息
2025-05-31 15:09:11,538 - AkShareFetcher - WARNING - 扫描模块时出错: 连接异常, 请检查您的Token是否过期和输入的参数是否正确
2025-05-31 15:09:11,543 - AkShareFetcher - INFO - 发现2259个AkShare接口函数
2025-05-31 15:09:11,543 - AkShareFetcher - INFO - 开始获取数据: index_us_stock_sina, 参数: {'symbol': '.IXIC'}
2025-05-31 15:09:11,843 - AkShareFetcher - INFO - 数据获取成功: index_us_stock_sina, 行数: 5387, 列数: 7
2025-05-31 15:11:57,191 - AkShareFetcher - INFO - 初始化AkShare接口信息
2025-05-31 15:11:57,366 - AkShareFetcher - WARNING - 扫描模块时出错: 连接异常, 请检查您的Token是否过期和输入的参数是否正确
2025-05-31 15:11:57,374 - AkShareFetcher - INFO - 发现2259个AkShare接口函数
2025-05-31 15:11:57,375 - AkShareFetcher - INFO - 初始化AkShare接口信息
2025-05-31 15:11:57,538 - AkShareFetcher - WARNING - 扫描模块时出错: 连接异常, 请检查您的Token是否过期和输入的参数是否正确
2025-05-31 15:11:57,545 - AkShareFetcher - INFO - 发现2259个AkShare接口函数
2025-05-31 15:11:57,545 - AkShareFetcher - INFO - 开始获取数据: index_us_stock_sina, 参数: {'symbol': '.IXIC'}
2025-05-31 15:11:57,778 - AkShareFetcher - INFO - 数据获取成功: index_us_stock_sina, 行数: 5387, 列数: 7
2025-05-31 15:12:30,950 - AkShareFetcher - INFO - 初始化AkShare接口信息
2025-05-31 15:12:31,117 - AkShareFetcher - WARNING - 扫描模块时出错: 连接异常, 请检查您的Token是否过期和输入的参数是否正确
2025-05-31 15:12:31,123 - AkShareFetcher - INFO - 发现2259个AkShare接口函数
2025-05-31 15:12:31,124 - AkShareFetcher - INFO - 初始化AkShare接口信息
2025-05-31 15:12:31,285 - AkShareFetcher - WARNING - 扫描模块时出错: 连接异常, 请检查您的Token是否过期和输入的参数是否正确
2025-05-31 15:12:31,292 - AkShareFetcher - INFO - 发现2259个AkShare接口函数
2025-05-31 15:12:31,292 - AkShareFetcher - INFO - 开始获取数据: index_us_stock_sina, 参数: {'symbol': '.IXIC'}
2025-05-31 15:12:31,506 - AkShareFetcher - INFO - 数据获取成功: index_us_stock_sina, 行数: 5387, 列数: 7
2025-05-31 15:19:37,483 - AkShareFetcher - INFO - 初始化AkShare接口信息
2025-05-31 15:19:37,663 - AkShareFetcher - WARNING - 扫描模块时出错: 连接异常, 请检查您的Token是否过期和输入的参数是否正确
2025-05-31 15:19:37,671 - AkShareFetcher - INFO - 发现2259个AkShare接口函数
2025-05-31 15:19:37,672 - AkShareFetcher - INFO - 初始化AkShare接口信息
2025-05-31 15:19:37,833 - AkShareFetcher - WARNING - 扫描模块时出错: 连接异常, 请检查您的Token是否过期和输入的参数是否正确
2025-05-31 15:19:37,838 - AkShareFetcher - INFO - 发现2259个AkShare接口函数
2025-05-31 15:19:37,838 - AkShareFetcher - INFO - 开始获取数据: index_us_stock_sina, 参数: {'symbol': '.IXIC'}
2025-05-31 15:19:38,062 - AkShareFetcher - INFO - 数据获取成功: index_us_stock_sina, 行数: 5387, 列数: 7
2025-05-31 15:22:53,844 - AkShareFetcher - INFO - 初始化AkShare接口信息
2025-05-31 15:22:54,030 - AkShareFetcher - WARNING - 扫描模块时出错: 连接异常, 请检查您的Token是否过期和输入的参数是否正确
2025-05-31 15:22:54,039 - AkShareFetcher - INFO - 发现2259个AkShare接口函数
2025-05-31 15:22:54,040 - AkShareFetcher - INFO - 初始化AkShare接口信息
2025-05-31 15:22:54,196 - AkShareFetcher - WARNING - 扫描模块时出错: 连接异常, 请检查您的Token是否过期和输入的参数是否正确
2025-05-31 15:22:54,201 - AkShareFetcher - INFO - 发现2259个AkShare接口函数
2025-05-31 15:22:54,201 - AkShareFetcher - INFO - 开始获取数据: index_us_stock_sina, 参数: {'symbol': '.IXIC'}
2025-05-31 15:22:54,450 - AkShareFetcher - INFO - 数据获取成功: index_us_stock_sina, 行数: 5387, 列数: 7
2025-05-31 15:33:30,040 - AkShareFetcher - INFO - 初始化AkShare接口信息
2025-05-31 15:33:30,226 - AkShareFetcher - WARNING - 扫描模块时出错: 连接异常, 请检查您的Token是否过期和输入的参数是否正确
2025-05-31 15:33:30,232 - AkShareFetcher - INFO - 发现2259个AkShare接口函数
2025-05-31 15:33:30,233 - AkShareFetcher - INFO - 初始化AkShare接口信息
2025-05-31 15:33:30,390 - AkShareFetcher - WARNING - 扫描模块时出错: 连接异常, 请检查您的Token是否过期和输入的参数是否正确
2025-05-31 15:33:30,397 - AkShareFetcher - INFO - 发现2259个AkShare接口函数
2025-05-31 15:33:30,397 - AkShareFetcher - INFO - 开始获取数据: index_us_stock_sina, 参数: {'symbol': '.IXIC'}
2025-05-31 15:33:30,623 - AkShareFetcher - INFO - 数据获取成功: index_us_stock_sina, 行数: 5387, 列数: 7
2025-05-31 15:43:57,976 - AkShareFetcher - INFO - 初始化AkShare接口信息
2025-05-31 15:43:58,208 - AkShareFetcher - WARNING - 扫描模块时出错: 连接异常, 请检查您的Token是否过期和输入的参数是否正确
2025-05-31 15:43:58,217 - AkShareFetcher - INFO - 发现2259个AkShare接口函数
2025-05-31 15:43:58,219 - AkShareFetcher - INFO - 初始化AkShare接口信息
2025-05-31 15:43:58,410 - AkShareFetcher - WARNING - 扫描模块时出错: 连接异常, 请检查您的Token是否过期和输入的参数是否正确
2025-05-31 15:43:58,417 - AkShareFetcher - INFO - 发现2259个AkShare接口函数
2025-05-31 15:43:58,417 - AkShareFetcher - INFO - 开始获取数据: index_us_stock_sina, 参数: {'symbol': '.IXIC'}
2025-05-31 15:43:58,687 - AkShareFetcher - INFO - 数据获取成功: index_us_stock_sina, 行数: 5387, 列数: 7
2025-05-31 15:45:00,948 - AkShareFetcher - INFO - 初始化AkShare接口信息
2025-05-31 15:45:01,108 - AkShareFetcher - WARNING - 扫描模块时出错: 连接异常, 请检查您的Token是否过期和输入的参数是否正确
2025-05-31 15:45:01,117 - AkShareFetcher - INFO - 发现2259个AkShare接口函数
2025-05-31 15:45:01,118 - AkShareFetcher - INFO - 初始化AkShare接口信息
2025-05-31 15:45:01,282 - AkShareFetcher - WARNING - 扫描模块时出错: 连接异常, 请检查您的Token是否过期和输入的参数是否正确
2025-05-31 15:45:01,288 - AkShareFetcher - INFO - 发现2259个AkShare接口函数
2025-05-31 15:45:01,288 - AkShareFetcher - INFO - 开始获取数据: index_us_stock_sina, 参数: {'symbol': '.IXIC'}
2025-05-31 15:45:01,533 - AkShareFetcher - INFO - 数据获取成功: index_us_stock_sina, 行数: 5387, 列数: 7
2025-05-31 16:04:41,291 - AkShareFetcher - INFO - 初始化AkShare接口信息
2025-05-31 16:04:41,476 - AkShareFetcher - WARNING - 扫描模块时出错: 连接异常, 请检查您的Token是否过期和输入的参数是否正确
2025-05-31 16:04:41,488 - AkShareFetcher - INFO - 发现2259个AkShare接口函数
2025-05-31 16:04:41,489 - AkShareFetcher - INFO - 初始化AkShare接口信息
2025-05-31 16:04:41,648 - AkShareFetcher - WARNING - 扫描模块时出错: 连接异常, 请检查您的Token是否过期和输入的参数是否正确
2025-05-31 16:04:41,655 - AkShareFetcher - INFO - 发现2259个AkShare接口函数
2025-05-31 16:04:41,655 - AkShareFetcher - INFO - 开始获取数据: index_us_stock_sina, 参数: {'symbol': '.IXIC'}
2025-05-31 16:04:41,932 - AkShareFetcher - INFO - 数据获取成功: index_us_stock_sina, 行数: 5387, 列数: 7
2025-05-31 16:05:43,334 - AkShareFetcher - INFO - 初始化AkShare接口信息
2025-05-31 16:05:43,510 - AkShareFetcher - WARNING - 扫描模块时出错: 连接异常, 请检查您的Token是否过期和输入的参数是否正确
2025-05-31 16:05:43,519 - AkShareFetcher - INFO - 发现2259个AkShare接口函数
2025-05-31 16:05:43,520 - AkShareFetcher - INFO - 初始化AkShare接口信息
2025-05-31 16:05:43,680 - AkShareFetcher - WARNING - 扫描模块时出错: 连接异常, 请检查您的Token是否过期和输入的参数是否正确
2025-05-31 16:05:43,685 - AkShareFetcher - INFO - 发现2259个AkShare接口函数
2025-05-31 16:05:43,686 - AkShareFetcher - INFO - 开始获取数据: index_us_stock_sina, 参数: {'symbol': '.IXIC'}
2025-05-31 16:05:44,012 - AkShareFetcher - INFO - 数据获取成功: index_us_stock_sina, 行数: 5387, 列数: 7
2025-05-31 16:16:54,758 - AkShareFetcher - INFO - 初始化AkShare接口信息
2025-05-31 16:16:54,935 - AkShareFetcher - WARNING - 扫描模块时出错: 连接异常, 请检查您的Token是否过期和输入的参数是否正确
2025-05-31 16:16:54,943 - AkShareFetcher - INFO - 发现2259个AkShare接口函数
2025-05-31 16:16:54,944 - AkShareFetcher - INFO - 初始化AkShare接口信息
2025-05-31 16:16:55,111 - AkShareFetcher - WARNING - 扫描模块时出错: 连接异常, 请检查您的Token是否过期和输入的参数是否正确
2025-05-31 16:16:55,118 - AkShareFetcher - INFO - 发现2259个AkShare接口函数
2025-05-31 16:16:55,119 - AkShareFetcher - INFO - 开始获取数据: index_us_stock_sina, 参数: {'symbol': '.IXIC'}
2025-05-31 16:16:55,450 - AkShareFetcher - INFO - 数据获取成功: index_us_stock_sina, 行数: 5387, 列数: 7
2025-05-31 16:37:31,422 - AkShareFetcher - INFO - 初始化AkShare接口信息
2025-05-31 16:37:31,637 - AkShareFetcher - WARNING - 扫描模块时出错: 连接异常, 请检查您的Token是否过期和输入的参数是否正确
2025-05-31 16:37:31,645 - AkShareFetcher - INFO - 发现2259个AkShare接口函数
2025-05-31 16:37:31,646 - AkShareFetcher - INFO - 初始化AkShare接口信息
2025-05-31 16:37:31,824 - AkShareFetcher - WARNING - 扫描模块时出错: 连接异常, 请检查您的Token是否过期和输入的参数是否正确
2025-05-31 16:37:31,832 - AkShareFetcher - INFO - 发现2259个AkShare接口函数
2025-05-31 16:37:31,832 - AkShareFetcher - INFO - 开始获取数据: index_us_stock_sina, 参数: {'symbol': '.IXIC'}
2025-05-31 16:37:32,061 - AkShareFetcher - INFO - 数据获取成功: index_us_stock_sina, 行数: 5387, 列数: 7
2025-05-31 16:41:27,070 - AkShareFetcher - INFO - 初始化AkShare接口信息
2025-05-31 16:41:27,274 - AkShareFetcher - WARNING - 扫描模块时出错: 连接异常, 请检查您的Token是否过期和输入的参数是否正确
2025-05-31 16:41:27,282 - AkShareFetcher - INFO - 发现2259个AkShare接口函数
2025-05-31 16:41:27,283 - AkShareFetcher - INFO - 初始化AkShare接口信息
2025-05-31 16:41:27,458 - AkShareFetcher - WARNING - 扫描模块时出错: 连接异常, 请检查您的Token是否过期和输入的参数是否正确
2025-05-31 16:41:27,464 - AkShareFetcher - INFO - 发现2259个AkShare接口函数
2025-05-31 16:41:27,464 - AkShareFetcher - INFO - 开始获取数据: index_us_stock_sina, 参数: {'symbol': '.IXIC'}
2025-05-31 16:41:27,743 - AkShareFetcher - INFO - 数据获取成功: index_us_stock_sina, 行数: 5387, 列数: 7
2025-05-31 17:23:26,153 - AkShareFetcher - INFO - 初始化AkShare接口信息
2025-05-31 17:23:26,334 - AkShareFetcher - WARNING - 扫描模块时出错: 连接异常, 请检查您的Token是否过期和输入的参数是否正确
2025-05-31 17:23:26,348 - AkShareFetcher - INFO - 发现2259个AkShare接口函数
2025-05-31 17:23:26,350 - AkShareFetcher - INFO - 初始化AkShare接口信息
2025-05-31 17:23:26,503 - AkShareFetcher - WARNING - 扫描模块时出错: 连接异常, 请检查您的Token是否过期和输入的参数是否正确
2025-05-31 17:23:26,510 - AkShareFetcher - INFO - 发现2259个AkShare接口函数
2025-05-31 17:23:26,510 - AkShareFetcher - INFO - 开始获取数据: index_us_stock_sina, 参数: {'symbol': '.IXIC'}
2025-05-31 17:23:26,811 - AkShareFetcher - INFO - 数据获取成功: index_us_stock_sina, 行数: 5387, 列数: 7
2025-05-31 17:25:51,892 - AkShareFetcher - INFO - 初始化AkShare接口信息
2025-05-31 17:25:52,078 - AkShareFetcher - WARNING - 扫描模块时出错: 连接异常, 请检查您的Token是否过期和输入的参数是否正确
2025-05-31 17:25:52,086 - AkShareFetcher - INFO - 发现2259个AkShare接口函数
2025-05-31 17:25:52,087 - AkShareFetcher - INFO - 初始化AkShare接口信息
2025-05-31 17:25:52,254 - AkShareFetcher - WARNING - 扫描模块时出错: 连接异常, 请检查您的Token是否过期和输入的参数是否正确
2025-05-31 17:25:52,259 - AkShareFetcher - INFO - 发现2259个AkShare接口函数
2025-05-31 17:25:52,260 - AkShareFetcher - INFO - 开始获取数据: index_us_stock_sina, 参数: {'symbol': '.IXIC'}
2025-05-31 17:25:52,660 - AkShareFetcher - INFO - 数据获取成功: index_us_stock_sina, 行数: 5387, 列数: 7
2025-05-31 17:34:02,217 - AkShareFetcher - INFO - 初始化AkShare接口信息
2025-05-31 17:34:02,392 - AkShareFetcher - WARNING - 扫描模块时出错: 连接异常, 请检查您的Token是否过期和输入的参数是否正确
2025-05-31 17:34:02,403 - AkShareFetcher - INFO - 发现2259个AkShare接口函数
2025-05-31 17:34:02,404 - AkShareFetcher - INFO - 初始化AkShare接口信息
2025-05-31 17:34:02,576 - AkShareFetcher - WARNING - 扫描模块时出错: 连接异常, 请检查您的Token是否过期和输入的参数是否正确
2025-05-31 17:34:02,584 - AkShareFetcher - INFO - 发现2259个AkShare接口函数
2025-05-31 17:34:02,584 - AkShareFetcher - INFO - 开始获取数据: index_us_stock_sina, 参数: {'symbol': '.IXIC'}
2025-05-31 17:34:02,797 - AkShareFetcher - INFO - 数据获取成功: index_us_stock_sina, 行数: 5387, 列数: 7
2025-05-31 17:41:42,397 - AkShareFetcher - INFO - 初始化AkShare接口信息
2025-05-31 17:41:42,559 - AkShareFetcher - WARNING - 扫描模块时出错: 连接异常, 请检查您的Token是否过期和输入的参数是否正确
2025-05-31 17:41:42,566 - AkShareFetcher - INFO - 发现2259个AkShare接口函数
2025-05-31 17:41:42,567 - AkShareFetcher - INFO - 初始化AkShare接口信息
2025-05-31 17:41:42,730 - AkShareFetcher - WARNING - 扫描模块时出错: 连接异常, 请检查您的Token是否过期和输入的参数是否正确
2025-05-31 17:41:42,737 - AkShareFetcher - INFO - 发现2259个AkShare接口函数
2025-05-31 17:41:42,737 - AkShareFetcher - INFO - 开始获取数据: index_us_stock_sina, 参数: {'symbol': '.IXIC'}
2025-05-31 17:41:42,997 - AkShareFetcher - INFO - 数据获取成功: index_us_stock_sina, 行数: 5387, 列数: 7
2025-05-31 17:43:05,193 - AkShareFetcher - INFO - 初始化AkShare接口信息
2025-05-31 17:43:05,366 - AkShareFetcher - WARNING - 扫描模块时出错: 连接异常, 请检查您的Token是否过期和输入的参数是否正确
2025-05-31 17:43:05,375 - AkShareFetcher - INFO - 发现2259个AkShare接口函数
2025-05-31 17:43:05,376 - AkShareFetcher - INFO - 初始化AkShare接口信息
2025-05-31 17:43:05,539 - AkShareFetcher - WARNING - 扫描模块时出错: 连接异常, 请检查您的Token是否过期和输入的参数是否正确
2025-05-31 17:43:05,546 - AkShareFetcher - INFO - 发现2259个AkShare接口函数
2025-05-31 17:43:05,546 - AkShareFetcher - INFO - 开始获取数据: index_us_stock_sina, 参数: {'symbol': '.IXIC'}
2025-05-31 17:43:05,774 - AkShareFetcher - INFO - 数据获取成功: index_us_stock_sina, 行数: 5387, 列数: 7
2025-05-31 17:44:32,277 - AkShareFetcher - INFO - 初始化AkShare接口信息
2025-05-31 17:44:32,454 - AkShareFetcher - WARNING - 扫描模块时出错: 连接异常, 请检查您的Token是否过期和输入的参数是否正确
2025-05-31 17:44:32,463 - AkShareFetcher - INFO - 发现2259个AkShare接口函数
2025-05-31 17:44:32,464 - AkShareFetcher - INFO - 初始化AkShare接口信息
2025-05-31 17:44:32,630 - AkShareFetcher - WARNING - 扫描模块时出错: 连接异常, 请检查您的Token是否过期和输入的参数是否正确
2025-05-31 17:44:32,635 - AkShareFetcher - INFO - 发现2259个AkShare接口函数
2025-05-31 17:44:32,635 - AkShareFetcher - INFO - 开始获取数据: index_us_stock_sina, 参数: {'symbol': '.IXIC'}
2025-05-31 17:44:32,839 - AkShareFetcher - INFO - 数据获取成功: index_us_stock_sina, 行数: 5387, 列数: 7
2025-05-31 17:45:06,105 - AkShareFetcher - INFO - 初始化AkShare接口信息
2025-05-31 17:45:06,282 - AkShareFetcher - WARNING - 扫描模块时出错: 连接异常, 请检查您的Token是否过期和输入的参数是否正确
2025-05-31 17:45:06,290 - AkShareFetcher - INFO - 发现2259个AkShare接口函数
2025-05-31 17:45:06,291 - AkShareFetcher - INFO - 初始化AkShare接口信息
2025-05-31 17:45:06,455 - AkShareFetcher - WARNING - 扫描模块时出错: 连接异常, 请检查您的Token是否过期和输入的参数是否正确
2025-05-31 17:45:06,463 - AkShareFetcher - INFO - 发现2259个AkShare接口函数
2025-05-31 17:45:06,463 - AkShareFetcher - INFO - 开始获取数据: index_us_stock_sina, 参数: {'symbol': '.IXIC'}
2025-05-31 17:45:06,695 - AkShareFetcher - INFO - 数据获取成功: index_us_stock_sina, 行数: 5387, 列数: 7
2025-05-31 17:46:25,754 - AkShareFetcher - INFO - 初始化AkShare接口信息
2025-05-31 17:46:25,918 - AkShareFetcher - WARNING - 扫描模块时出错: 连接异常, 请检查您的Token是否过期和输入的参数是否正确
2025-05-31 17:46:25,926 - AkShareFetcher - INFO - 发现2259个AkShare接口函数
2025-05-31 17:46:25,927 - AkShareFetcher - INFO - 初始化AkShare接口信息
2025-05-31 17:46:26,085 - AkShareFetcher - WARNING - 扫描模块时出错: 连接异常, 请检查您的Token是否过期和输入的参数是否正确
2025-05-31 17:46:26,093 - AkShareFetcher - INFO - 发现2259个AkShare接口函数
2025-05-31 17:46:26,093 - AkShareFetcher - INFO - 开始获取数据: index_us_stock_sina, 参数: {'symbol': '.IXIC'}
2025-05-31 17:46:26,334 - AkShareFetcher - INFO - 数据获取成功: index_us_stock_sina, 行数: 5387, 列数: 7
