2025-05-31 14:54:06,045 - DataStore - INFO - 开始查询表 raw_index_us_stock_sina 中的数据
2025-05-31 14:54:06,057 - DataStore - ERROR - 数据查询失败: raw_index_us_stock_sina
2025-05-31 15:09:11,852 - DataStore - INFO - 开始查询表 raw_index_us_stock_sina 中的数据
2025-05-31 15:09:11,855 - DataStore - ERROR - 表 raw_index_us_stock_sina 不存在，且未启用自动建表
2025-05-31 15:09:11,855 - DataStore - ERROR - 数据查询失败: raw_index_us_stock_sina
2025-05-31 15:11:57,785 - DataStore - INFO - 开始查询表 raw_index_us_stock_sina 中的数据
2025-05-31 15:11:57,787 - DataStore - ERROR - 表 raw_index_us_stock_sina 不存在，且未启用自动建表
2025-05-31 15:11:57,787 - DataStore - ERROR - 数据查询失败: raw_index_us_stock_sina
2025-05-31 15:12:31,512 - DataStore - INFO - 开始查询表 raw_index_us_stock_sina 中的数据
2025-05-31 15:12:31,514 - DataStore - ERROR - 表 raw_index_us_stock_sina 不存在，且未启用自动建表
2025-05-31 15:12:31,515 - DataStore - ERROR - 数据查询失败: raw_index_us_stock_sina
2025-05-31 15:19:38,069 - DataStore - INFO - 开始查询表 raw_index_us_stock_sina 中的数据
2025-05-31 15:19:38,071 - DataStore - ERROR - 表 raw_index_us_stock_sina 不存在，且未启用自动建表
2025-05-31 15:19:38,071 - DataStore - ERROR - 数据查询失败: raw_index_us_stock_sina
2025-05-31 15:22:54,458 - DataStore - INFO - 开始查询表 raw_index_us_stock_sina 中的数据
2025-05-31 15:22:54,460 - DataStore - WARNING - 表 raw_index_us_stock_sina 不存在，但启用了自动建表。由于没有数据，无法创建表结构。返回空DataFrame
2025-05-31 15:22:54,462 - DataStore - INFO - 开始插入数据到表 raw_index_us_stock_sina，数据量: 5387行
2025-05-31 15:22:54,476 - DataStore - INFO - 表 raw_index_us_stock_sina 不存在，尝试自动创建
2025-05-31 15:22:54,476 - DataStore - INFO - 根据DataFrame创建表 raw_index_us_stock_sina
2025-05-31 15:22:54,497 - DataStore - INFO - 表 raw_index_us_stock_sina 创建成功，列数: 10
2025-05-31 15:22:54,539 - DataStore - ERROR - 批次 1/6 插入失败: (pymysql.err.DataError) (1264, "Out of range value for column 'amount' at row 1")
[SQL: INSERT INTO raw_index_us_stock_sina (date, open, high, low, close, volume, amount, insert_time, update_time) VALUES (%(date)s, %(open)s, %(high)s, %(low)s, %(close)s, %(volume)s, %(amount)s, %(insert_time)s, %(update_time)s)]
[parameters: [{'date': datetime.date(2004, 1, 2), 'open': 2011.08, 'high': 2022.37, 'low': 1999.77, 'close': 2006.6801, 'volume': 1666780032, 'amount': 3350190000000, 'insert_time': Timestamp('2025-05-31 15:22:54.462905'), 'update_time': datetime.datetime(2025, 5, 31, 15, 22, 54, 505482)}, {'date': datetime.date(2004, 1, 5), 'open': 2020.78, 'high': 2047.36, 'low': 2020.78, 'close': 2047.36, 'volume': 2362909952, 'amount': 4806320000000, 'insert_time': Timestamp('2025-05-31 15:22:54.462905'), 'update_time': datetime.datetime(2025, 5, 31, 15, 22, 54, 505488)}, {'date': datetime.date(2004, 1, 6), 'open': 2044.55, 'high': 2061.54, 'low': 2039.63, 'close': 2057.3701, 'volume': 2273220096, 'amount': 4661860000000, 'insert_time': Timestamp('2025-05-31 15:22:54.462905'), 'update_time': datetime.datetime(2025, 5, 31, 15, 22, 54, 505489)}, {'date': datetime.date(2004, 1, 7), 'open': 2056.75, 'high': 2078.0901, 'low': 2047.02, 'close': 2077.6799, 'volume': 2294279936, 'amount': 4737420000000, 'insert_time': Timestamp('2025-05-31 15:22:54.462905'), 'update_time': datetime.datetime(2025, 5, 31, 15, 22, 54, 505490)}, {'date': datetime.date(2004, 1, 8), 'open': 2089.6001, 'high': 2100.25, 'low': 2078.05, 'close': 2100.25, 'volume': 2683950080, 'amount': 5614920000000, 'insert_time': Timestamp('2025-05-31 15:22:54.462905'), 'update_time': datetime.datetime(2025, 5, 31, 15, 22, 54, 505490)}, {'date': datetime.date(2004, 1, 9), 'open': 2083.6399, 'high': 2113.3301, 'low': 2077.0901, 'close': 2086.9199, 'volume': 2482759936, 'amount': 5189580000000, 'insert_time': Timestamp('2025-05-31 15:22:54.462905'), 'update_time': datetime.datetime(2025, 5, 31, 15, 22, 54, 505491)}, {'date': datetime.date(2004, 1, 12), 'open': 2093.54, 'high': 2112.52, 'low': 2085.1499, 'close': 2111.78, 'volume': 2284009984, 'amount': 4798130000000, 'insert_time': Timestamp('2025-05-31 15:22:54.462905'), 'update_time': datetime.datetime(2025, 5, 31, 15, 22, 54, 505492)}, {'date': datetime.date(2004, 1, 13), 'open': 2113.1101, 'high': 2114.9099, 'low': 2080.29, 'close': 2096.4399, 'volume': 2385700096, 'amount': 5012800000000, 'insert_time': Timestamp('2025-05-31 15:22:54.462905'), 'update_time': datetime.datetime(2025, 5, 31, 15, 22, 54, 505493)}  ... displaying 10 of 1000 total bound parameter sets ...  {'date': datetime.date(2007, 12, 19), 'open': 2593.3301, 'high': 2609.73, 'low': 2583.3201, 'close': 2601.01, 'volume': 1835920000, 'amount': 4767600000000, 'insert_time': Timestamp('2025-05-31 15:22:54.462905'), 'update_time': datetime.datetime(2025, 5, 31, 15, 22, 54, 506362)}, {'date': datetime.date(2007, 12, 20), 'open': 2628.1201, 'high': 2640.8799, 'low': 2605.21, 'close': 2640.8601, 'volume': 1960470016, 'amount': 5153620000000, 'insert_time': Timestamp('2025-05-31 15:22:54.462905'), 'update_time': datetime.datetime(2025, 5, 31, 15, 22, 54, 506363)}]]
(Background on this error at: https://sqlalche.me/e/20/9h9h)
2025-05-31 15:22:54,572 - DataStore - ERROR - 批次 2/6 插入失败: (pymysql.err.DataError) (1264, "Out of range value for column 'volume' at row 1")
[SQL: INSERT INTO raw_index_us_stock_sina (date, open, high, low, close, volume, amount, insert_time, update_time) VALUES (%(date)s, %(open)s, %(high)s, %(low)s, %(close)s, %(volume)s, %(amount)s, %(insert_time)s, %(update_time)s)]
[parameters: [{'date': datetime.date(2007, 12, 21), 'open': 2676.8501, 'high': 2691.99, 'low': 2671.5901, 'close': 2691.99, 'volume': 2508800000, 'amount': 6731370000000, 'insert_time': Timestamp('2025-05-31 15:22:54.462905'), 'update_time': datetime.datetime(2025, 5, 31, 15, 22, 54, 545740)}, {'date': datetime.date(2007, 12, 24), 'open': 2694.3501, 'high': 2715.77, 'low': 2694.3501, 'close': 2713.5, 'volume': 778620032, 'amount': 2105770000000, 'insert_time': Timestamp('2025-05-31 15:22:54.462905'), 'update_time': datetime.datetime(2025, 5, 31, 15, 22, 54, 545744)}, {'date': datetime.date(2007, 12, 26), 'open': 2702.8201, 'high': 2727.55, 'low': 2698.48, 'close': 2724.4099, 'volume': 1241830016, 'amount': 3369480000000, 'insert_time': Timestamp('2025-05-31 15:22:54.462905'), 'update_time': datetime.datetime(2025, 5, 31, 15, 22, 54, 545745)}, {'date': datetime.date(2007, 12, 27), 'open': 2715.02, 'high': 2717.1201, 'low': 2675.8899, 'close': 2676.79, 'volume': 2324819968, 'amount': 6268190000000, 'insert_time': Timestamp('2025-05-31 15:22:54.462905'), 'update_time': datetime.datetime(2025, 5, 31, 15, 22, 54, 545746)}, {'date': datetime.date(2007, 12, 28), 'open': 2693.3601, 'high': 2697.77, 'low': 2661.79, 'close': 2674.46, 'volume': 1338850048, 'amount': 3590590000000, 'insert_time': Timestamp('2025-05-31 15:22:54.462905'), 'update_time': datetime.datetime(2025, 5, 31, 15, 22, 54, 545747)}, {'date': datetime.date(2007, 12, 31), 'open': 2663.78, 'high': 2668.6101, 'low': 2646.0901, 'close': 2652.28, 'volume': 1454550016, 'amount': 3865740000000, 'insert_time': Timestamp('2025-05-31 15:22:54.462905'), 'update_time': datetime.datetime(2025, 5, 31, 15, 22, 54, 545748)}, {'date': datetime.date(2008, 1, 2), 'open': 2653.9099, 'high': 2661.5, 'low': 2597.8101, 'close': 2609.6299, 'volume': 2076690048, 'amount': 5463170000000, 'insert_time': Timestamp('2025-05-31 15:22:54.462905'), 'update_time': datetime.datetime(2025, 5, 31, 15, 22, 54, 545749)}, {'date': datetime.date(2008, 1, 3), 'open': 2611.96, 'high': 2624.27, 'low': 2592.1799, 'close': 2602.6799, 'volume': 1970200064, 'amount': 5137830000000, 'insert_time': Timestamp('2025-05-31 15:22:54.462905'), 'update_time': datetime.datetime(2025, 5, 31, 15, 22, 54, 545750)}  ... displaying 10 of 1000 total bound parameter sets ...  {'date': datetime.date(2011, 12, 7), 'open': 2638.6101, 'high': 2660.24, 'low': 2612.8, 'close': 2649.21, 'volume': 1658009984, 'amount': 4377500000000, 'insert_time': Timestamp('2025-05-31 15:22:54.462905'), 'update_time': datetime.datetime(2025, 5, 31, 15, 22, 54, 546587)}, {'date': datetime.date(2011, 12, 8), 'open': 2633.3, 'high': 2645.9199, 'low': 2592.55, 'close': 2596.3799, 'volume': 1845639936, 'amount': 4830110000000, 'insert_time': Timestamp('2025-05-31 15:22:54.462905'), 'update_time': datetime.datetime(2025, 5, 31, 15, 22, 54, 546588)}]]
(Background on this error at: https://sqlalche.me/e/20/9h9h)
2025-05-31 15:22:54,606 - DataStore - ERROR - 批次 3/6 插入失败: (pymysql.err.DataError) (1264, "Out of range value for column 'amount' at row 1")
[SQL: INSERT INTO raw_index_us_stock_sina (date, open, high, low, close, volume, amount, insert_time, update_time) VALUES (%(date)s, %(open)s, %(high)s, %(low)s, %(close)s, %(volume)s, %(amount)s, %(insert_time)s, %(update_time)s)]
[parameters: [{'date': datetime.date(2011, 12, 9), 'open': 2603.1799, 'high': 2653.46, 'low': 2603.1799, 'close': 2646.8501, 'volume': 1664710016, 'amount': 4372640000000, 'insert_time': Timestamp('2025-05-31 15:22:54.462905'), 'update_time': datetime.datetime(2025, 5, 31, 15, 22, 54, 579575)}, {'date': datetime.date(2011, 12, 12), 'open': 2617.3201, 'high': 2617.3201, 'low': 2591.4199, 'close': 2612.26, 'volume': 1572600064, 'amount': 4103830000000, 'insert_time': Timestamp('2025-05-31 15:22:54.462905'), 'update_time': datetime.datetime(2025, 5, 31, 15, 22, 54, 579580)}, {'date': datetime.date(2011, 12, 13), 'open': 2629.6699, 'high': 2639.74, 'low': 2568.4399, 'close': 2579.27, 'volume': 1752320000, 'amount': 4563530000000, 'insert_time': Timestamp('2025-05-31 15:22:54.462905'), 'update_time': datetime.datetime(2025, 5, 31, 15, 22, 54, 579581)}, {'date': datetime.date(2011, 12, 14), 'open': 2566.21, 'high': 2568.4399, 'low': 2525.8799, 'close': 2539.3101, 'volume': 1793959936, 'amount': 4574530000000, 'insert_time': Timestamp('2025-05-31 15:22:54.462905'), 'update_time': datetime.datetime(2025, 5, 31, 15, 22, 54, 579582)}, {'date': datetime.date(2011, 12, 15), 'open': 2565.9299, 'high': 2565.9399, 'low': 2536.5801, 'close': 2541.01, 'volume': 1748400000, 'amount': 4462550000000, 'insert_time': Timestamp('2025-05-31 15:22:54.462905'), 'update_time': datetime.datetime(2025, 5, 31, 15, 22, 54, 579583)}, {'date': datetime.date(2011, 12, 16), 'open': 2554.6201, 'high': 2585.4199, 'low': 2548.0, 'close': 2555.3301, 'volume': 2664689920, 'amount': 6823850000000, 'insert_time': Timestamp('2025-05-31 15:22:54.462905'), 'update_time': datetime.datetime(2025, 5, 31, 15, 22, 54, 579584)}, {'date': datetime.date(2011, 12, 19), 'open': 2564.0701, 'high': 2570.6499, 'low': 2518.01, 'close': 2523.1399, 'volume': 1560109952, 'amount': 3968870000000, 'insert_time': Timestamp('2025-05-31 15:22:54.462905'), 'update_time': datetime.datetime(2025, 5, 31, 15, 22, 54, 579585)}, {'date': datetime.date(2011, 12, 20), 'open': 2567.25, 'high': 2604.52, 'low': 2566.8701, 'close': 2603.73, 'volume': 1835719936, 'amount': 4746420000000, 'insert_time': Timestamp('2025-05-31 15:22:54.462905'), 'update_time': datetime.datetime(2025, 5, 31, 15, 22, 54, 579586)}  ... displaying 10 of 1000 total bound parameter sets ...  {'date': datetime.date(2015, 11, 30), 'open': 5139.5801, 'high': 5141.3599, 'low': 5098.7002, 'close': 5108.6699, 'volume': 2223879936, 'amount': 11390900000000, 'insert_time': Timestamp('2025-05-31 15:22:54.462905'), 'update_time': datetime.datetime(2025, 5, 31, 15, 22, 54, 580418)}, {'date': datetime.date(2015, 12, 1), 'open': 5129.6401, 'high': 5156.3101, 'low': 5120.1699, 'close': 5156.3101, 'volume': 2035570048, 'amount': 10464100000000, 'insert_time': Timestamp('2025-05-31 15:22:54.462905'), 'update_time': datetime.datetime(2025, 5, 31, 15, 22, 54, 580418)}]]
(Background on this error at: https://sqlalche.me/e/20/9h9h)
2025-05-31 15:22:54,639 - DataStore - ERROR - 批次 4/6 插入失败: (pymysql.err.DataError) (1264, "Out of range value for column 'amount' at row 1")
[SQL: INSERT INTO raw_index_us_stock_sina (date, open, high, low, close, volume, amount, insert_time, update_time) VALUES (%(date)s, %(open)s, %(high)s, %(low)s, %(close)s, %(volume)s, %(amount)s, %(insert_time)s, %(update_time)s)]
[parameters: [{'date': datetime.date(2015, 12, 2), 'open': 5158.8198, 'high': 5176.77, 'low': 5117.1499, 'close': 5123.2202, 'volume': 2060339968, 'amount': 10598400000000, 'insert_time': Timestamp('2025-05-31 15:22:54.462905'), 'update_time': datetime.datetime(2025, 5, 31, 15, 22, 54, 613023)}, {'date': datetime.date(2015, 12, 3), 'open': 5143.1602, 'high': 5144.6001, 'low': 5011.7202, 'close': 5037.5298, 'volume': 2088099968, 'amount': 10616400000000, 'insert_time': Timestamp('2025-05-31 15:22:54.462905'), 'update_time': datetime.datetime(2025, 5, 31, 15, 22, 54, 613028)}, {'date': datetime.date(2015, 12, 4), 'open': 5050.9302, 'high': 5147.0, 'low': 5043.4902, 'close': 5142.27, 'volume': 1897490048, 'amount': 9669460000000, 'insert_time': Timestamp('2025-05-31 15:22:54.462905'), 'update_time': datetime.datetime(2025, 5, 31, 15, 22, 54, 613029)}, {'date': datetime.date(2015, 12, 7), 'open': 5139.46, 'high': 5139.7798, 'low': 5082.23, 'close': 5101.8101, 'volume': 1952690048, 'amount': 9989610000000, 'insert_time': Timestamp('2025-05-31 15:22:54.462905'), 'update_time': datetime.datetime(2025, 5, 31, 15, 22, 54, 613030)}, {'date': datetime.date(2015, 12, 8), 'open': 5050.52, 'high': 5111.73, 'low': 5045.73, 'close': 5098.2402, 'volume': 1871449984, 'amount': 9500520000000, 'insert_time': Timestamp('2025-05-31 15:22:54.462905'), 'update_time': datetime.datetime(2025, 5, 31, 15, 22, 54, 613030)}, {'date': datetime.date(2015, 12, 9), 'open': 5077.21, 'high': 5106.3701, 'low': 5000.1201, 'close': 5022.8701, 'volume': 2003449984, 'amount': 10120700000000, 'insert_time': Timestamp('2025-05-31 15:22:54.462905'), 'update_time': datetime.datetime(2025, 5, 31, 15, 22, 54, 613031)}, {'date': datetime.date(2015, 12, 10), 'open': 5026.2998, 'high': 5075.6499, 'low': 5019.3101, 'close': 5045.1699, 'volume': 1746520064, 'amount': 8805270000000, 'insert_time': Timestamp('2025-05-31 15:22:54.462905'), 'update_time': datetime.datetime(2025, 5, 31, 15, 22, 54, 613032)}, {'date': datetime.date(2015, 12, 11), 'open': 4979.77, 'high': 4996.1899, 'low': 4928.6699, 'close': 4933.4702, 'volume': 2084950016, 'amount': 10340400000000, 'insert_time': Timestamp('2025-05-31 15:22:54.462905'), 'update_time': datetime.datetime(2025, 5, 31, 15, 22, 54, 613033)}  ... displaying 10 of 1000 total bound parameter sets ...  {'date': datetime.date(2019, 11, 19), 'open': 8578.0195, 'high': 8589.7598, 'low': 8536.7305, 'close': 8570.6602, 'volume': 1856621946, 'amount': 15909000000000, 'insert_time': Timestamp('2025-05-31 15:22:54.462905'), 'update_time': datetime.datetime(2025, 5, 31, 15, 22, 54, 613867)}, {'date': datetime.date(2019, 11, 20), 'open': 8543.5703, 'high': 8578.2695, 'low': 8468.6299, 'close': 8526.7305, 'volume': 2290783948, 'amount': 19538800000000, 'insert_time': Timestamp('2025-05-31 15:22:54.462905'), 'update_time': datetime.datetime(2025, 5, 31, 15, 22, 54, 613868)}]]
(Background on this error at: https://sqlalche.me/e/20/9h9h)
2025-05-31 15:22:54,672 - DataStore - ERROR - 批次 5/6 插入失败: (pymysql.err.DataError) (1264, "Out of range value for column 'amount' at row 1")
[SQL: INSERT INTO raw_index_us_stock_sina (date, open, high, low, close, volume, amount, insert_time, update_time) VALUES (%(date)s, %(open)s, %(high)s, %(low)s, %(close)s, %(volume)s, %(amount)s, %(insert_time)s, %(update_time)s)]
[parameters: [{'date': datetime.date(2019, 11, 21), 'open': 8527.8701, 'high': 8530.7305, 'low': 8487.29, 'close': 8506.21, 'volume': 1855725868, 'amount': 15797800000000, 'insert_time': Timestamp('2025-05-31 15:22:54.462905'), 'update_time': datetime.datetime(2025, 5, 31, 15, 22, 54, 645752)}, {'date': datetime.date(2019, 11, 22), 'open': 8530.54, 'high': 8535.46, 'low': 8477.4902, 'close': 8519.8799, 'volume': 1685294743, 'amount': 14351700000000, 'insert_time': Timestamp('2025-05-31 15:22:54.462905'), 'update_time': datetime.datetime(2025, 5, 31, 15, 22, 54, 645756)}, {'date': datetime.date(2019, 11, 25), 'open': 8559.6504, 'high': 8633.1504, 'low': 8559.6504, 'close': 8632.4902, 'volume': 2037470956, 'amount': 17514600000000, 'insert_time': Timestamp('2025-05-31 15:22:54.462905'), 'update_time': datetime.datetime(2025, 5, 31, 15, 22, 54, 645757)}, {'date': datetime.date(2019, 11, 26), 'open': 8635.4004, 'high': 8659.7305, 'low': 8625.6201, 'close': 8647.9297, 'volume': 2208527004, 'amount': 19086500000000, 'insert_time': Timestamp('2025-05-31 15:22:54.462905'), 'update_time': datetime.datetime(2025, 5, 31, 15, 22, 54, 645758)}, {'date': datetime.date(2019, 11, 27), 'open': 8669.5898, 'high': 8705.9102, 'low': 8662.5801, 'close': 8705.1699, 'volume': 1558783633, 'amount': 13539300000000, 'insert_time': Timestamp('2025-05-31 15:22:54.462905'), 'update_time': datetime.datetime(2025, 5, 31, 15, 22, 54, 645759)}, {'date': datetime.date(2019, 11, 29), 'open': 8682.0098, 'high': 8697.3203, 'low': 8664.04, 'close': 8665.4697, 'volume': 949091459, 'amount': 8235470000000, 'insert_time': Timestamp('2025-05-31 15:22:54.462905'), 'update_time': datetime.datetime(2025, 5, 31, 15, 22, 54, 645760)}, {'date': datetime.date(2019, 12, 2), 'open': 8672.8398, 'high': 8672.8398, 'low': 8540.1602, 'close': 8567.9902, 'volume': 1946143275, 'amount': 16763000000000, 'insert_time': Timestamp('2025-05-31 15:22:54.462905'), 'update_time': datetime.datetime(2025, 5, 31, 15, 22, 54, 645761)}, {'date': datetime.date(2019, 12, 3), 'open': 8460.7197, 'high': 8523.9805, 'low': 8435.4004, 'close': 8520.6396, 'volume': 2067112987, 'amount': 17539800000000, 'insert_time': Timestamp('2025-05-31 15:22:54.462905'), 'update_time': datetime.datetime(2025, 5, 31, 15, 22, 54, 645762)}  ... displaying 10 of 1000 total bound parameter sets ...  {'date': datetime.date(2023, 11, 9), 'open': 13693.6953, 'high': 13697.8203, 'low': 13506.0166, 'close': 13521.4482, 'volume': 4586250623, 'amount': 0, 'insert_time': Timestamp('2025-05-31 15:22:54.462905'), 'update_time': datetime.datetime(2025, 5, 31, 15, 22, 54, 646601)}, {'date': datetime.date(2023, 11, 10), 'open': 13571.1895, 'high': 13802.5264, 'low': 13556.3516, 'close': 13798.1074, 'volume': 4137821372, 'amount': 0, 'insert_time': Timestamp('2025-05-31 15:22:54.462905'), 'update_time': datetime.datetime(2025, 5, 31, 15, 22, 54, 646602)}]]
(Background on this error at: https://sqlalche.me/e/20/9h9h)
2025-05-31 15:22:54,686 - DataStore - ERROR - 批次 6/6 插入失败: (pymysql.err.DataError) (1264, "Out of range value for column 'volume' at row 1")
[SQL: INSERT INTO raw_index_us_stock_sina (date, open, high, low, close, volume, amount, insert_time, update_time) VALUES (%(date)s, %(open)s, %(high)s, %(low)s, %(close)s, %(volume)s, %(amount)s, %(insert_time)s, %(update_time)s)]
[parameters: [{'date': datetime.date(2023, 11, 13), 'open': 13745.9619, 'high': 13805.1055, 'low': 13687.7773, 'close': 13767.7432, 'volume': 3858834287, 'amount': 0, 'insert_time': Timestamp('2025-05-31 15:22:54.462905'), 'update_time': datetime.datetime(2025, 5, 31, 15, 22, 54, 676307)}, {'date': datetime.date(2023, 11, 14), 'open': 14015.3701, 'high': 14124.0586, 'low': 14003.1426, 'close': 14094.3818, 'volume': 4640799543, 'amount': 0, 'insert_time': Timestamp('2025-05-31 15:22:54.462905'), 'update_time': datetime.datetime(2025, 5, 31, 15, 22, 54, 676312)}, {'date': datetime.date(2023, 11, 15), 'open': 14147.2705, 'high': 14194.3594, 'low': 14060.6953, 'close': 14103.8359, 'volume': 4441135228, 'amount': 0, 'insert_time': Timestamp('2025-05-31 15:22:54.462905'), 'update_time': datetime.datetime(2025, 5, 31, 15, 22, 54, 676313)}, {'date': datetime.date(2023, 11, 16), 'open': 14066.8779, 'high': 14130.4482, 'low': 14033.791, 'close': 14113.6729, 'volume': 3987238814, 'amount': 0, 'insert_time': Timestamp('2025-05-31 15:22:54.462905'), 'update_time': datetime.datetime(2025, 5, 31, 15, 22, 54, 676314)}, {'date': datetime.date(2023, 11, 17), 'open': 14101.4355, 'high': 14154.3154, 'low': 14063.9326, 'close': 14125.4814, 'volume': 3905136066, 'amount': 0, 'insert_time': Timestamp('2025-05-31 15:22:54.462905'), 'update_time': datetime.datetime(2025, 5, 31, 15, 22, 54, 676314)}, {'date': datetime.date(2023, 11, 20), 'open': 14134.751, 'high': 14309.7988, 'low': 14134.1973, 'close': 14284.5342, 'volume': 4063203397, 'amount': 0, 'insert_time': Timestamp('2025-05-31 15:22:54.462905'), 'update_time': datetime.datetime(2025, 5, 31, 15, 22, 54, 676315)}, {'date': datetime.date(2023, 11, 21), 'open': 14217.2314, 'high': 14237.5039, 'low': 14146.3057, 'close': 14199.9824, 'volume': 3661245549, 'amount': 0, 'insert_time': Timestamp('2025-05-31 15:22:54.462905'), 'update_time': datetime.datetime(2025, 5, 31, 15, 22, 54, 676316)}, {'date': datetime.date(2023, 11, 22), 'open': 14283.8184, 'high': 14359.6074, 'low': 14226.6318, 'close': 14265.8574, 'volume': 3368798691, 'amount': 0, 'insert_time': Timestamp('2025-05-31 15:22:54.462905'), 'update_time': datetime.datetime(2025, 5, 31, 15, 22, 54, 676317)}  ... displaying 10 of 387 total bound parameter sets ...  {'date': datetime.date(2025, 5, 29), 'open': 19389.3926, 'high': 19389.3926, 'low': 19091.543, 'close': 19175.8711, 'volume': 10031303499, 'amount': 0, 'insert_time': Timestamp('2025-05-31 15:22:54.462905'), 'update_time': datetime.datetime(2025, 5, 31, 15, 22, 54, 676633)}, {'date': datetime.date(2025, 5, 30), 'open': 19131.2188, 'high': 19157.7812, 'low': 18847.7441, 'close': 19113.7656, 'volume': 7851475486, 'amount': 0, 'insert_time': Timestamp('2025-05-31 15:22:54.462905'), 'update_time': datetime.datetime(2025, 5, 31, 15, 22, 54, 676634)}]]
(Background on this error at: https://sqlalche.me/e/20/9h9h)
2025-05-31 15:22:54,687 - DataStore - INFO - 数据插入完成，成功: 0行, 错误: 6行
2025-05-31 15:33:30,631 - DataStore - INFO - 开始查询表 raw_index_us_stock_sina 中的数据
2025-05-31 15:33:30,650 - DataStore - ERROR - 数据查询失败: raw_index_us_stock_sina
2025-05-31 15:43:58,697 - DataStore - INFO - 开始查询表 raw_index_us_stock_sina 中的数据
2025-05-31 15:43:58,712 - DataStore - ERROR - 数据查询失败: raw_index_us_stock_sina
2025-05-31 15:45:01,541 - DataStore - INFO - 开始查询表 raw_index_us_stock_sina 中的数据
2025-05-31 15:45:01,557 - DataStore - ERROR - 数据查询失败: raw_index_us_stock_sina
2025-05-31 16:04:41,941 - DataStore - INFO - 开始查询表 raw_index_us_stock_sina 中的数据
2025-05-31 16:04:41,956 - DataStore - ERROR - 数据查询失败: raw_index_us_stock_sina
2025-05-31 16:05:44,020 - DataStore - INFO - 开始查询表 raw_index_us_stock_sina 中的数据
2025-05-31 16:05:44,035 - DataStore - ERROR - 数据查询失败: raw_index_us_stock_sina
2025-05-31 16:16:55,455 - DataStore - INFO - 数据库连接初始化成功: localhost:3306/
2025-05-31 16:16:55,456 - DataStore - ERROR - 数据库连接初始化失败: (pymysql.err.OperationalError) (1045, "Access denied for user 'root'@'localhost' (using password: NO)")
(Background on this error at: https://sqlalche.me/e/20/e3q8)
2025-05-31 16:37:32,067 - DataStore - INFO - 数据库连接初始化成功: localhost:3306/
2025-05-31 16:37:32,072 - DataStore - INFO - 数据库连接测试成功
2025-05-31 16:37:32,074 - DataStore - INFO - 开始查询表 raw_index_us_stock_sina 中的数据
2025-05-31 16:41:27,749 - DataStore - INFO - 数据库连接初始化成功: localhost:3306/
2025-05-31 16:41:27,751 - DataStore - INFO - 数据库连接测试成功
2025-05-31 16:41:27,754 - DataStore - INFO - 开始查询表 raw_index_us_stock_sina 中的数据
2025-05-31 16:41:27,767 - DataStore - ERROR - 数据查询失败: raw_index_us_stock_sina: Column expression, FROM clause, or other columns clause element expected, got [Table('raw_index_us_stock_sina', MetaData(), Column('id', INTEGER(), table=<raw_index_us_stock_sina>, primary_key=True, nullable=False), Column('date', VARCHAR(length=50), table=<raw_index_us_stock_sina>), Column('open', FLOAT(), table=<raw_index_us_stock_sina>), Column('high', FLOAT(), table=<raw_index_us_stock_sina>), Column('low', FLOAT(), table=<raw_index_us_stock_sina>), Column('close', FLOAT(), table=<raw_index_us_stock_sina>), Column('volume', INTEGER(), table=<raw_index_us_stock_sina>), Column('amount', INTEGER(), table=<raw_index_us_stock_sina>), Column('insert_time', DATETIME(), table=<raw_index_us_stock_sina>), Column('update_time', DATETIME(), table=<raw_index_us_stock_sina>), schema=None)]. Did you mean to say select(Table('raw_index_us_stock_sina', MetaData(), Column('id', INTEGER(), table=<raw_index_us_stock_sina>, primary_key=True, nullable=False), Column('date', VARCHAR(length=50), table=<raw_index_us_stock_sina>), Column('open', FLOAT(), table=<raw_index_us_stock_sina>), Column('high', FLOAT(), table=<raw_index_us_stock_sina>), Column('low', FLOAT(), table=<raw_index_us_stock_sina>), Column('close', FLOAT(), table=<raw_index_us_stock_sina>), Column('volume', INTEGER(), table=<raw_index_us_stock_sina>), Column('amount', INTEGER(), table=<raw_index_us_stock_sina>), Column('insert_time', DATETIME(), table=<raw_index_us_stock_sina>), Column('update_time', DATETIME(), table=<raw_index_us_stock_sina>), schema=None))?
2025-05-31 17:23:26,817 - DataStore - INFO - 数据库连接初始化成功: localhost:3306/
2025-05-31 17:23:26,821 - DataStore - INFO - 数据库连接测试成功
2025-05-31 17:23:26,824 - DataStore - INFO - 开始查询表 raw_index_us_stock_sina 中的数据
2025-05-31 17:25:52,666 - DataStore - INFO - 数据库连接初始化成功: localhost:3306/
2025-05-31 17:25:52,670 - DataStore - INFO - 数据库连接测试成功
2025-05-31 17:25:52,674 - DataStore - INFO - 开始查询表 raw_index_us_stock_sina 中的数据
2025-05-31 17:34:02,802 - DataStore - INFO - 数据库连接初始化成功: localhost:3306/
2025-05-31 17:34:02,805 - DataStore - INFO - 数据库连接测试成功
2025-05-31 17:34:02,808 - DataStore - INFO - 开始查询表 raw_index_us_stock_sina 中的数据
2025-05-31 17:41:43,002 - DataStore - INFO - 数据库连接初始化成功: localhost:3306/
2025-05-31 17:41:43,003 - DataStore - ERROR - 数据库连接初始化失败: (pymysql.err.OperationalError) (1045, "Access denied for user 'root'@'localhost' (using password: NO)")
(Background on this error at: https://sqlalche.me/e/20/e3q8)
2025-05-31 17:43:05,780 - DataStore - INFO - 数据库连接初始化成功: localhost:3306/
2025-05-31 17:43:05,781 - DataStore - ERROR - 数据库连接初始化失败: (pymysql.err.OperationalError) (1045, "Access denied for user 'root'@'localhost' (using password: NO)")
(Background on this error at: https://sqlalche.me/e/20/e3q8)
2025-05-31 17:44:32,845 - DataStore - INFO - 数据库连接初始化成功: localhost:3306/
2025-05-31 17:44:32,847 - DataStore - INFO - 数据库连接测试成功
2025-05-31 17:44:32,850 - DataStore - INFO - 开始查询表 raw_index_us_stock_sina 中的数据
2025-05-31 17:45:06,700 - DataStore - INFO - 数据库连接初始化成功: localhost:3306/
2025-05-31 17:45:06,703 - DataStore - INFO - 数据库连接测试成功
2025-05-31 17:45:06,706 - DataStore - INFO - 开始查询表 raw_index_us_stock_sina 中的数据
2025-05-31 17:46:26,340 - DataStore - INFO - 数据库连接初始化成功: localhost:3306/
2025-05-31 17:46:26,342 - DataStore - INFO - 数据库连接测试成功
2025-05-31 17:46:26,345 - DataStore - INFO - 开始查询表 raw_index_us_stock_sina 中的数据
