2025-05-29 10:55:33,397 - Main - INFO - 系统初始化开始
2025-05-29 10:55:33,468 - Main - ERROR - 数据库连接测试失败
2025-05-29 11:24:52,791 - Main - INFO - 系统初始化开始
2025-05-29 11:24:52,851 - Main - ERROR - 数据库连接测试失败
2025-05-29 11:37:55,669 - Main - INFO - 系统初始化开始
2025-05-29 11:37:55,712 - Main - ERROR - 数据库连接测试失败
2025-05-29 11:43:14,459 - Main - INFO - 系统初始化开始
2025-05-29 11:43:14,506 - Main - ERROR - 程序执行错误: 初始化数据库连接失败: name 'chi' is not defined
2025-05-29 11:44:32,008 - Main - INFO - 系统初始化开始
2025-05-29 11:44:32,055 - Main - ERROR - 数据库连接测试失败
2025-05-29 11:46:01,813 - Main - INFO - 系统初始化开始
2025-05-29 11:46:01,870 - Main - ERROR - 数据库连接测试失败
2025-05-29 12:05:06,112 - Main - INFO - 系统初始化开始
2025-05-29 12:05:06,166 - Main - ERROR - 程序执行错误: 初始化数据库连接失败: 数据库连接测试失败
2025-05-29 12:06:10,560 - Main - INFO - 系统初始化开始
2025-05-29 12:06:10,614 - Main - ERROR - 程序执行错误: 初始化数据库连接失败: 数据库连接测试失败
2025-05-29 12:07:26,812 - Main - INFO - 系统初始化开始
2025-05-29 12:07:26,860 - Main - ERROR - 程序执行错误: 初始化数据库连接失败: 数据库连接测试失败
2025-05-29 12:07:50,745 - Main - INFO - 系统初始化开始
2025-05-29 12:07:50,791 - Main - ERROR - 程序执行错误: 初始化数据库连接失败: 数据库连接测试失败
2025-05-29 12:12:46,117 - Main - INFO - 系统初始化开始
2025-05-29 12:12:46,165 - Main - ERROR - 程序执行错误: 初始化数据库连接失败: 数据库连接测试失败
2025-05-29 12:17:14,486 - Main - INFO - 系统初始化开始
2025-05-29 12:17:14,617 - Main - ERROR - 程序执行错误: 初始化数据库连接失败: 数据库连接测试失败
2025-05-29 12:18:18,234 - Main - INFO - 系统初始化开始
2025-05-29 12:18:18,349 - Main - ERROR - 程序执行错误: 初始化数据库连接失败: 数据库连接测试失败
2025-05-29 12:18:51,332 - Main - INFO - 系统初始化开始
2025-05-29 12:18:51,437 - Main - ERROR - 程序执行错误: 初始化数据库连接失败: 数据库连接测试失败
2025-05-29 12:37:57,516 - Main - INFO - 系统初始化开始
2025-05-29 12:37:57,568 - Main - ERROR - 程序执行错误: 初始化数据库连接失败: 数据库连接测试失败
2025-05-29 12:39:17,127 - Main - INFO - 系统初始化开始
2025-05-29 12:39:17,168 - Main - ERROR - 程序执行错误: 初始化数据库连接失败: 数据库连接测试失败
2025-05-29 12:41:16,035 - Main - INFO - 系统初始化开始
2025-05-29 12:41:16,084 - Main - ERROR - 程序执行错误: 初始化数据库连接失败: 数据库连接测试失败
2025-05-29 12:47:40,721 - Main - INFO - 系统初始化开始
2025-05-29 12:47:40,757 - Main - ERROR - 程序执行错误: 初始化数据库连接失败: 数据库连接测试失败
2025-05-29 12:48:24,061 - Main - INFO - 系统初始化开始
2025-05-29 12:48:24,097 - Main - ERROR - 程序执行错误: 初始化数据库连接失败: 数据库连接测试失败
2025-05-29 13:03:30,576 - Main - INFO - 系统初始化开始
2025-05-29 13:03:30,617 - Main - ERROR - 程序执行错误: 初始化数据库连接失败: 数据库连接测试失败
2025-05-29 13:04:05,403 - Main - INFO - 系统初始化开始
2025-05-29 13:04:05,444 - Main - ERROR - 程序执行错误: 初始化数据库连接失败: 数据库连接测试失败
2025-05-29 13:30:58,288 - Main - INFO - 系统初始化开始
2025-05-29 13:30:58,327 - Main - ERROR - 程序执行错误: 初始化数据库连接失败: 数据库连接测试失败
2025-05-29 13:31:58,047 - Main - INFO - 系统初始化开始
2025-05-29 13:31:58,084 - Main - ERROR - 数据库连接测试失败
2025-05-29 13:34:26,290 - Main - INFO - 系统初始化开始
2025-05-29 13:34:26,326 - Main - ERROR - 数据库连接测试失败
2025-05-29 13:41:55,449 - Main - INFO - 系统初始化开始
2025-05-29 13:41:55,485 - Main - ERROR - 数据库连接测试失败
2025-05-29 13:44:34,073 - Main - INFO - 系统初始化开始
2025-05-29 13:44:34,109 - Main - INFO - 数据库连接测试成功
2025-05-29 13:44:34,110 - Main - INFO - 系统初始化完成
2025-05-29 15:40:59,759 - Main - INFO - 系统初始化开始
2025-05-29 15:40:59,819 - Main - INFO - 数据库连接测试成功
2025-05-29 15:40:59,819 - Main - INFO - 系统初始化完成
2025-05-29 15:41:52,314 - Main - INFO - 系统初始化开始
2025-05-29 15:41:52,348 - Main - INFO - 数据库连接测试成功
2025-05-29 15:41:52,348 - Main - INFO - 系统初始化完成
2025-05-29 15:41:52,348 - Main - INFO - 开始运行数据管道: pipeline_ak_stock_zh_a_hist_20250529154152
2025-05-29 15:41:52,351 - Main - ERROR - 数据管道执行失败: pipeline_ak_stock_zh_a_hist_20250529154152, 错误: 任务执行失败: pipeline_ak_stock_zh_a_hist_20250529154152_fetch
2025-05-29 15:44:39,378 - Main - INFO - 系统初始化开始
2025-05-29 15:44:39,415 - Main - INFO - 数据库连接测试成功
2025-05-29 15:44:39,415 - Main - INFO - 系统初始化完成
2025-05-29 15:44:39,415 - Main - INFO - 开始运行数据管道: pipeline_ak.stock_zh_a_hist_20250529154439
2025-05-29 15:44:39,417 - Main - ERROR - 数据管道执行失败: pipeline_ak.stock_zh_a_hist_20250529154439, 错误: 任务执行失败: pipeline_ak.stock_zh_a_hist_20250529154439_fetch
2025-05-29 16:08:59,004 - Main - INFO - 系统初始化开始
2025-05-29 16:08:59,072 - Main - INFO - 数据库连接测试成功
2025-05-29 16:08:59,072 - Main - INFO - 系统初始化完成
2025-05-29 16:08:59,072 - Main - INFO - 开始运行数据管道: pipeline_stock_zh_a_hist_20250529160859
2025-05-29 16:09:00,944 - Main - ERROR - 数据管道执行失败: pipeline_stock_zh_a_hist_20250529160859, 错误: 任务执行失败: pipeline_stock_zh_a_hist_20250529160859_process
2025-05-29 18:28:35,282 - Main - INFO - 系统初始化开始
2025-05-29 18:28:35,362 - Main - INFO - 数据库连接测试成功
2025-05-29 18:28:35,362 - Main - INFO - 系统初始化完成
2025-05-29 21:02:49,833 - Main - INFO - 系统初始化开始
2025-05-29 21:02:49,893 - Main - INFO - 数据库连接测试成功
2025-05-29 21:02:49,893 - Main - INFO - 系统初始化完成
2025-05-29 21:25:15,051 - Main - INFO - 系统初始化开始
2025-05-29 21:25:15,090 - Main - INFO - 数据库连接测试成功
2025-05-29 21:25:15,090 - Main - INFO - 系统初始化完成
2025-05-29 21:25:15,090 - Main - INFO - 开始运行数据管道: pipeline_stock_zh_a_hist_20250529212515
2025-05-29 21:25:15,955 - Main - ERROR - 数据管道执行失败: pipeline_stock_zh_a_hist_20250529212515, 错误: 任务执行失败: pipeline_stock_zh_a_hist_20250529212515_process
2025-05-29 21:43:35,089 - Main - INFO - 系统初始化开始
2025-05-29 21:43:35,126 - Main - INFO - 数据库连接测试成功
2025-05-29 21:43:35,126 - Main - INFO - 系统初始化完成
2025-05-29 21:43:35,126 - Main - INFO - 开始运行数据管道: pipeline_stock_zh_a_hist_20250529214335
2025-05-29 21:43:35,910 - Main - ERROR - 数据管道执行失败: pipeline_stock_zh_a_hist_20250529214335, 错误: 'NoneType' object is not subscriptable
2025-05-29 22:01:08,127 - Main - INFO - 系统初始化开始
2025-05-29 22:01:08,167 - Main - INFO - 数据库连接测试成功
2025-05-29 22:01:08,167 - Main - INFO - 系统初始化完成
2025-05-29 22:01:08,167 - Main - INFO - 开始运行数据管道: pipeline_stock_zh_a_hist_20250529220108
2025-05-29 22:01:08,724 - Main - ERROR - 数据管道执行失败: pipeline_stock_zh_a_hist_20250529220108, 错误: 'table_data'
