2025-05-31 14:54:06,034 - Task_DataProcessTask - INFO - 开始执行任务: pipeline_index_us_stock_sina_20250531145405_process
2025-05-31 14:54:06,034 - Task_DataProcessTask - INFO - 开始处理数据，输入数据行数: 5390
2025-05-31 14:54:06,039 - Task_DataProcessTask - INFO - 数据清洗完成，清洗后数据行数: 5390
2025-05-31 14:54:06,039 - Task_DataProcessTask - INFO - 数据转换已禁用，将直接使用清洗后的数据
2025-05-31 14:54:06,039 - Task_DataProcessTask - INFO - 任务执行成功: pipeline_index_us_stock_sina_20250531145405_process
2025-05-31 14:54:06,039 - Task_DataProcessTask - INFO - 任务执行耗时: 0.01秒
2025-05-31 15:09:11,844 - Task_DataProcessTask - INFO - 开始执行任务: pipeline_index_us_stock_sina_20250531150911_process
2025-05-31 15:09:11,845 - Task_DataProcessTask - INFO - 开始处理数据，输入数据行数: 5387
2025-05-31 15:09:11,848 - Task_DataProcessTask - INFO - 数据清洗完成，清洗后数据行数: 5387
2025-05-31 15:09:11,848 - Task_DataProcessTask - INFO - 数据转换已禁用，将直接使用清洗后的数据
2025-05-31 15:09:11,849 - Task_DataProcessTask - INFO - 任务执行成功: pipeline_index_us_stock_sina_20250531150911_process
2025-05-31 15:09:11,849 - Task_DataProcessTask - INFO - 任务执行耗时: 0.00秒
2025-05-31 15:11:57,778 - Task_DataProcessTask - INFO - 开始执行任务: pipeline_index_us_stock_sina_20250531151157_process
2025-05-31 15:11:57,778 - Task_DataProcessTask - INFO - 开始处理数据，输入数据行数: 5387
2025-05-31 15:11:57,782 - Task_DataProcessTask - INFO - 数据清洗完成，清洗后数据行数: 5387
2025-05-31 15:11:57,782 - Task_DataProcessTask - INFO - 数据转换已禁用，将直接使用清洗后的数据
2025-05-31 15:11:57,782 - Task_DataProcessTask - INFO - 任务执行成功: pipeline_index_us_stock_sina_20250531151157_process
2025-05-31 15:11:57,782 - Task_DataProcessTask - INFO - 任务执行耗时: 0.00秒
2025-05-31 15:12:31,506 - Task_DataProcessTask - INFO - 开始执行任务: pipeline_index_us_stock_sina_20250531151231_process
2025-05-31 15:12:31,507 - Task_DataProcessTask - INFO - 开始处理数据，输入数据行数: 5387
2025-05-31 15:12:31,509 - Task_DataProcessTask - INFO - 数据清洗完成，清洗后数据行数: 5387
2025-05-31 15:12:31,509 - Task_DataProcessTask - INFO - 数据转换已禁用，将直接使用清洗后的数据
2025-05-31 15:12:31,510 - Task_DataProcessTask - INFO - 任务执行成功: pipeline_index_us_stock_sina_20250531151231_process
2025-05-31 15:12:31,510 - Task_DataProcessTask - INFO - 任务执行耗时: 0.00秒
2025-05-31 15:19:38,063 - Task_DataProcessTask - INFO - 开始执行任务: pipeline_index_us_stock_sina_20250531151937_process
2025-05-31 15:19:38,063 - Task_DataProcessTask - INFO - 开始处理数据，输入数据行数: 5387
2025-05-31 15:19:38,066 - Task_DataProcessTask - INFO - 数据清洗完成，清洗后数据行数: 5387
2025-05-31 15:19:38,066 - Task_DataProcessTask - INFO - 数据转换已禁用，将直接使用清洗后的数据
2025-05-31 15:19:38,066 - Task_DataProcessTask - INFO - 任务执行成功: pipeline_index_us_stock_sina_20250531151937_process
2025-05-31 15:19:38,066 - Task_DataProcessTask - INFO - 任务执行耗时: 0.00秒
2025-05-31 15:22:54,451 - Task_DataProcessTask - INFO - 开始执行任务: pipeline_index_us_stock_sina_20250531152254_process
2025-05-31 15:22:54,451 - Task_DataProcessTask - INFO - 开始处理数据，输入数据行数: 5387
2025-05-31 15:22:54,455 - Task_DataProcessTask - INFO - 数据清洗完成，清洗后数据行数: 5387
2025-05-31 15:22:54,455 - Task_DataProcessTask - INFO - 数据转换已禁用，将直接使用清洗后的数据
2025-05-31 15:22:54,455 - Task_DataProcessTask - INFO - 任务执行成功: pipeline_index_us_stock_sina_20250531152254_process
2025-05-31 15:22:54,455 - Task_DataProcessTask - INFO - 任务执行耗时: 0.00秒
2025-05-31 15:33:30,624 - Task_DataProcessTask - INFO - 开始执行任务: pipeline_index_us_stock_sina_20250531153330_process
2025-05-31 15:33:30,624 - Task_DataProcessTask - INFO - 开始处理数据，输入数据行数: 5387
2025-05-31 15:33:30,627 - Task_DataProcessTask - INFO - 数据清洗完成，清洗后数据行数: 5387
2025-05-31 15:33:30,627 - Task_DataProcessTask - INFO - 数据转换已禁用，将直接使用清洗后的数据
2025-05-31 15:33:30,627 - Task_DataProcessTask - INFO - 任务执行成功: pipeline_index_us_stock_sina_20250531153330_process
2025-05-31 15:33:30,627 - Task_DataProcessTask - INFO - 任务执行耗时: 0.00秒
2025-05-31 15:43:58,688 - Task_DataProcessTask - INFO - 开始执行任务: pipeline_index_us_stock_sina_20250531154358_process
2025-05-31 15:43:58,689 - Task_DataProcessTask - INFO - 开始处理数据，输入数据行数: 5387
2025-05-31 15:43:58,693 - Task_DataProcessTask - INFO - 数据清洗完成，清洗后数据行数: 5387
2025-05-31 15:43:58,693 - Task_DataProcessTask - INFO - 数据转换已禁用，将直接使用清洗后的数据
2025-05-31 15:43:58,693 - Task_DataProcessTask - INFO - 任务执行成功: pipeline_index_us_stock_sina_20250531154358_process
2025-05-31 15:43:58,693 - Task_DataProcessTask - INFO - 任务执行耗时: 0.00秒
2025-05-31 15:45:01,534 - Task_DataProcessTask - INFO - 开始执行任务: pipeline_index_us_stock_sina_20250531154501_process
2025-05-31 15:45:01,534 - Task_DataProcessTask - INFO - 开始处理数据，输入数据行数: 5387
2025-05-31 15:45:01,538 - Task_DataProcessTask - INFO - 数据清洗完成，清洗后数据行数: 5387
2025-05-31 15:45:01,538 - Task_DataProcessTask - INFO - 数据转换已禁用，将直接使用清洗后的数据
2025-05-31 15:45:01,538 - Task_DataProcessTask - INFO - 任务执行成功: pipeline_index_us_stock_sina_20250531154501_process
2025-05-31 15:45:01,538 - Task_DataProcessTask - INFO - 任务执行耗时: 0.00秒
2025-05-31 16:04:41,933 - Task_DataProcessTask - INFO - 开始执行任务: pipeline_index_us_stock_sina_20250531160441_process
2025-05-31 16:04:41,934 - Task_DataProcessTask - INFO - 开始处理数据，输入数据行数: 5387
2025-05-31 16:04:41,937 - Task_DataProcessTask - INFO - 数据清洗完成，清洗后数据行数: 5387
2025-05-31 16:04:41,937 - Task_DataProcessTask - INFO - 数据转换已禁用，将直接使用清洗后的数据
2025-05-31 16:04:41,937 - Task_DataProcessTask - INFO - 任务执行成功: pipeline_index_us_stock_sina_20250531160441_process
2025-05-31 16:04:41,937 - Task_DataProcessTask - INFO - 任务执行耗时: 0.00秒
2025-05-31 16:05:44,013 - Task_DataProcessTask - INFO - 开始执行任务: pipeline_index_us_stock_sina_20250531160543_process
2025-05-31 16:05:44,013 - Task_DataProcessTask - INFO - 开始处理数据，输入数据行数: 5387
2025-05-31 16:05:44,017 - Task_DataProcessTask - INFO - 数据清洗完成，清洗后数据行数: 5387
2025-05-31 16:05:44,017 - Task_DataProcessTask - INFO - 数据转换已禁用，将直接使用清洗后的数据
2025-05-31 16:05:44,017 - Task_DataProcessTask - INFO - 任务执行成功: pipeline_index_us_stock_sina_20250531160543_process
2025-05-31 16:05:44,017 - Task_DataProcessTask - INFO - 任务执行耗时: 0.00秒
2025-05-31 16:16:55,450 - Task_DataProcessTask - INFO - 开始执行任务: pipeline_index_us_stock_sina_20250531161654_process
2025-05-31 16:16:55,450 - Task_DataProcessTask - INFO - 开始处理数据，输入数据行数: 5387
2025-05-31 16:16:55,454 - Task_DataProcessTask - INFO - 数据清洗完成，清洗后数据行数: 5387
2025-05-31 16:16:55,454 - Task_DataProcessTask - INFO - 数据转换已禁用，将直接使用清洗后的数据
2025-05-31 16:16:55,454 - Task_DataProcessTask - INFO - 任务执行成功: pipeline_index_us_stock_sina_20250531161654_process
2025-05-31 16:16:55,454 - Task_DataProcessTask - INFO - 任务执行耗时: 0.00秒
2025-05-31 16:37:32,062 - Task_DataProcessTask - INFO - 开始执行任务: pipeline_index_us_stock_sina_20250531163731_process
2025-05-31 16:37:32,062 - Task_DataProcessTask - INFO - 开始处理数据，输入数据行数: 5387
2025-05-31 16:37:32,066 - Task_DataProcessTask - INFO - 数据清洗完成，清洗后数据行数: 5387
2025-05-31 16:37:32,066 - Task_DataProcessTask - INFO - 数据转换已禁用，将直接使用清洗后的数据
2025-05-31 16:37:32,066 - Task_DataProcessTask - INFO - 任务执行成功: pipeline_index_us_stock_sina_20250531163731_process
2025-05-31 16:37:32,066 - Task_DataProcessTask - INFO - 任务执行耗时: 0.00秒
2025-05-31 16:41:27,744 - Task_DataProcessTask - INFO - 开始执行任务: pipeline_index_us_stock_sina_20250531164127_process
2025-05-31 16:41:27,744 - Task_DataProcessTask - INFO - 开始处理数据，输入数据行数: 5387
2025-05-31 16:41:27,747 - Task_DataProcessTask - INFO - 数据清洗完成，清洗后数据行数: 5387
2025-05-31 16:41:27,748 - Task_DataProcessTask - INFO - 数据转换已禁用，将直接使用清洗后的数据
2025-05-31 16:41:27,748 - Task_DataProcessTask - INFO - 任务执行成功: pipeline_index_us_stock_sina_20250531164127_process
2025-05-31 16:41:27,748 - Task_DataProcessTask - INFO - 任务执行耗时: 0.00秒
2025-05-31 17:23:26,811 - Task_DataProcessTask - INFO - 开始执行任务: pipeline_index_us_stock_sina_20250531172326_process
2025-05-31 17:23:26,812 - Task_DataProcessTask - INFO - 开始处理数据，输入数据行数: 5387
2025-05-31 17:23:26,815 - Task_DataProcessTask - INFO - 数据清洗完成，清洗后数据行数: 5387
2025-05-31 17:23:26,815 - Task_DataProcessTask - INFO - 数据转换已禁用，将直接使用清洗后的数据
2025-05-31 17:23:26,816 - Task_DataProcessTask - INFO - 任务执行成功: pipeline_index_us_stock_sina_20250531172326_process
2025-05-31 17:23:26,816 - Task_DataProcessTask - INFO - 任务执行耗时: 0.00秒
2025-05-31 17:25:52,661 - Task_DataProcessTask - INFO - 开始执行任务: pipeline_index_us_stock_sina_20250531172552_process
2025-05-31 17:25:52,661 - Task_DataProcessTask - INFO - 开始处理数据，输入数据行数: 5387
2025-05-31 17:25:52,665 - Task_DataProcessTask - INFO - 数据清洗完成，清洗后数据行数: 5387
2025-05-31 17:25:52,665 - Task_DataProcessTask - INFO - 数据转换已禁用，将直接使用清洗后的数据
2025-05-31 17:25:52,665 - Task_DataProcessTask - INFO - 任务执行成功: pipeline_index_us_stock_sina_20250531172552_process
2025-05-31 17:25:52,665 - Task_DataProcessTask - INFO - 任务执行耗时: 0.00秒
2025-05-31 17:34:02,798 - Task_DataProcessTask - INFO - 开始执行任务: pipeline_index_us_stock_sina_20250531173402_process
2025-05-31 17:34:02,798 - Task_DataProcessTask - INFO - 开始处理数据，输入数据行数: 5387
2025-05-31 17:34:02,801 - Task_DataProcessTask - INFO - 数据清洗完成，清洗后数据行数: 5387
2025-05-31 17:34:02,801 - Task_DataProcessTask - INFO - 数据转换已禁用，将直接使用清洗后的数据
2025-05-31 17:34:02,801 - Task_DataProcessTask - INFO - 任务执行成功: pipeline_index_us_stock_sina_20250531173402_process
2025-05-31 17:34:02,801 - Task_DataProcessTask - INFO - 任务执行耗时: 0.00秒
2025-05-31 17:41:42,997 - Task_DataProcessTask - INFO - 开始执行任务: pipeline_index_us_stock_sina_20250531174142_process
2025-05-31 17:41:42,997 - Task_DataProcessTask - INFO - 开始处理数据，输入数据行数: 5387
2025-05-31 17:41:43,001 - Task_DataProcessTask - INFO - 数据清洗完成，清洗后数据行数: 5387
2025-05-31 17:41:43,001 - Task_DataProcessTask - INFO - 数据转换已禁用，将直接使用清洗后的数据
2025-05-31 17:41:43,001 - Task_DataProcessTask - INFO - 任务执行成功: pipeline_index_us_stock_sina_20250531174142_process
2025-05-31 17:41:43,001 - Task_DataProcessTask - INFO - 任务执行耗时: 0.00秒
2025-05-31 17:43:05,775 - Task_DataProcessTask - INFO - 开始执行任务: pipeline_index_us_stock_sina_20250531174305_process
2025-05-31 17:43:05,775 - Task_DataProcessTask - INFO - 开始处理数据，输入数据行数: 5387
2025-05-31 17:43:05,779 - Task_DataProcessTask - INFO - 数据清洗完成，清洗后数据行数: 5387
2025-05-31 17:43:05,779 - Task_DataProcessTask - INFO - 数据转换已禁用，将直接使用清洗后的数据
2025-05-31 17:43:05,779 - Task_DataProcessTask - INFO - 任务执行成功: pipeline_index_us_stock_sina_20250531174305_process
2025-05-31 17:43:05,779 - Task_DataProcessTask - INFO - 任务执行耗时: 0.00秒
2025-05-31 17:44:32,840 - Task_DataProcessTask - INFO - 开始执行任务: pipeline_index_us_stock_sina_20250531174432_process
2025-05-31 17:44:32,840 - Task_DataProcessTask - INFO - 开始处理数据，输入数据行数: 5387
2025-05-31 17:44:32,844 - Task_DataProcessTask - INFO - 数据清洗完成，清洗后数据行数: 5387
2025-05-31 17:44:32,844 - Task_DataProcessTask - INFO - 数据转换已禁用，将直接使用清洗后的数据
2025-05-31 17:44:32,844 - Task_DataProcessTask - INFO - 任务执行成功: pipeline_index_us_stock_sina_20250531174432_process
2025-05-31 17:44:32,844 - Task_DataProcessTask - INFO - 任务执行耗时: 0.00秒
2025-05-31 17:45:06,696 - Task_DataProcessTask - INFO - 开始执行任务: pipeline_index_us_stock_sina_20250531174506_process
2025-05-31 17:45:06,696 - Task_DataProcessTask - INFO - 开始处理数据，输入数据行数: 5387
2025-05-31 17:45:06,699 - Task_DataProcessTask - INFO - 数据清洗完成，清洗后数据行数: 5387
2025-05-31 17:45:06,699 - Task_DataProcessTask - INFO - 数据转换已禁用，将直接使用清洗后的数据
2025-05-31 17:45:06,699 - Task_DataProcessTask - INFO - 任务执行成功: pipeline_index_us_stock_sina_20250531174506_process
2025-05-31 17:45:06,700 - Task_DataProcessTask - INFO - 任务执行耗时: 0.00秒
2025-05-31 17:46:26,335 - Task_DataProcessTask - INFO - 开始执行任务: pipeline_index_us_stock_sina_20250531174625_process
2025-05-31 17:46:26,335 - Task_DataProcessTask - INFO - 开始处理数据，输入数据行数: 5387
2025-05-31 17:46:26,338 - Task_DataProcessTask - INFO - 数据清洗完成，清洗后数据行数: 5387
2025-05-31 17:46:26,338 - Task_DataProcessTask - INFO - 数据转换已禁用，将直接使用清洗后的数据
2025-05-31 17:46:26,339 - Task_DataProcessTask - INFO - 任务执行成功: pipeline_index_us_stock_sina_20250531174625_process
2025-05-31 17:46:26,339 - Task_DataProcessTask - INFO - 任务执行耗时: 0.00秒
