2025-05-31 14:54:06,040 - Task_DataCompareTask - INFO - 开始执行任务: pipeline_index_us_stock_sina_20250531145405_compare
2025-05-31 14:54:06,040 - Task_DataCompareTask - INFO - 开始比对数据，表: raw_index_us_stock_sina, 新数据行数: 5390
2025-05-31 14:54:06,057 - Task_DataCompareTask - ERROR - 任务执行失败: pipeline_index_us_stock_sina_20250531145405_compare, 错误: 数据查询失败: raw_index_us_stock_sina
2025-05-31 14:54:06,057 - Task_DataCompareTask - INFO - 任务执行耗时: 0.02秒
2025-05-31 15:09:11,849 - Task_DataCompareTask - INFO - 开始执行任务: pipeline_index_us_stock_sina_20250531150911_compare
2025-05-31 15:09:11,849 - Task_DataCompareTask - INFO - 开始比对数据，表: raw_index_us_stock_sina, 新数据行数: 5387
2025-05-31 15:09:11,855 - Task_DataCompareTask - ERROR - 任务执行失败: pipeline_index_us_stock_sina_20250531150911_compare, 错误: 数据查询失败: raw_index_us_stock_sina
2025-05-31 15:09:11,855 - Task_DataCompareTask - INFO - 任务执行耗时: 0.01秒
2025-05-31 15:11:57,782 - Task_DataCompareTask - INFO - 开始执行任务: pipeline_index_us_stock_sina_20250531151157_compare
2025-05-31 15:11:57,782 - Task_DataCompareTask - INFO - 开始比对数据，表: raw_index_us_stock_sina, 新数据行数: 5387
2025-05-31 15:11:57,787 - Task_DataCompareTask - ERROR - 任务执行失败: pipeline_index_us_stock_sina_20250531151157_compare, 错误: 数据查询失败: raw_index_us_stock_sina
2025-05-31 15:11:57,787 - Task_DataCompareTask - INFO - 任务执行耗时: 0.01秒
2025-05-31 15:12:31,510 - Task_DataCompareTask - INFO - 开始执行任务: pipeline_index_us_stock_sina_20250531151231_compare
2025-05-31 15:12:31,510 - Task_DataCompareTask - INFO - 开始比对数据，表: raw_index_us_stock_sina, 新数据行数: 5387
2025-05-31 15:12:31,515 - Task_DataCompareTask - ERROR - 任务执行失败: pipeline_index_us_stock_sina_20250531151231_compare, 错误: 数据查询失败: raw_index_us_stock_sina
2025-05-31 15:12:31,515 - Task_DataCompareTask - INFO - 任务执行耗时: 0.00秒
2025-05-31 15:19:38,066 - Task_DataCompareTask - INFO - 开始执行任务: pipeline_index_us_stock_sina_20250531151937_compare
2025-05-31 15:19:38,066 - Task_DataCompareTask - INFO - 开始比对数据，表: raw_index_us_stock_sina, 新数据行数: 5387
2025-05-31 15:19:38,071 - Task_DataCompareTask - ERROR - 任务执行失败: pipeline_index_us_stock_sina_20250531151937_compare, 错误: 数据查询失败: raw_index_us_stock_sina
2025-05-31 15:19:38,072 - Task_DataCompareTask - INFO - 任务执行耗时: 0.01秒
2025-05-31 15:22:54,455 - Task_DataCompareTask - INFO - 开始执行任务: pipeline_index_us_stock_sina_20250531152254_compare
2025-05-31 15:22:54,456 - Task_DataCompareTask - INFO - 开始比对数据，表: raw_index_us_stock_sina, 新数据行数: 5387
2025-05-31 15:22:54,461 - Task_DataCompareTask - INFO - 查询到已有数据: 0行
2025-05-31 15:22:54,462 - Task_DataCompareTask - INFO - 数据比对完成，需插入: 5387行, 需更新: 0行, 无需变更: 0行
2025-05-31 15:22:54,462 - Task_DataCompareTask - INFO - 任务执行成功: pipeline_index_us_stock_sina_20250531152254_compare
2025-05-31 15:22:54,462 - Task_DataCompareTask - INFO - 任务执行耗时: 0.01秒
2025-05-31 15:33:30,628 - Task_DataCompareTask - INFO - 开始执行任务: pipeline_index_us_stock_sina_20250531153330_compare
2025-05-31 15:33:30,628 - Task_DataCompareTask - INFO - 开始比对数据，表: raw_index_us_stock_sina, 新数据行数: 5387
2025-05-31 15:33:30,650 - Task_DataCompareTask - ERROR - 任务执行失败: pipeline_index_us_stock_sina_20250531153330_compare, 错误: 数据查询失败: raw_index_us_stock_sina
2025-05-31 15:33:30,651 - Task_DataCompareTask - INFO - 任务执行耗时: 0.02秒
2025-05-31 15:43:58,694 - Task_DataCompareTask - INFO - 开始执行任务: pipeline_index_us_stock_sina_20250531154358_compare
2025-05-31 15:43:58,694 - Task_DataCompareTask - INFO - 开始比对数据，表: raw_index_us_stock_sina, 新数据行数: 5387
2025-05-31 15:43:58,713 - Task_DataCompareTask - ERROR - 任务执行失败: pipeline_index_us_stock_sina_20250531154358_compare, 错误: 数据查询失败: raw_index_us_stock_sina
2025-05-31 15:43:58,713 - Task_DataCompareTask - INFO - 任务执行耗时: 0.02秒
2025-05-31 15:45:01,538 - Task_DataCompareTask - INFO - 开始执行任务: pipeline_index_us_stock_sina_20250531154501_compare
2025-05-31 15:45:01,538 - Task_DataCompareTask - INFO - 开始比对数据，表: raw_index_us_stock_sina, 新数据行数: 5387
2025-05-31 15:45:01,557 - Task_DataCompareTask - ERROR - 任务执行失败: pipeline_index_us_stock_sina_20250531154501_compare, 错误: 数据查询失败: raw_index_us_stock_sina
2025-05-31 15:45:01,557 - Task_DataCompareTask - INFO - 任务执行耗时: 0.02秒
2025-05-31 16:04:41,938 - Task_DataCompareTask - INFO - 开始执行任务: pipeline_index_us_stock_sina_20250531160441_compare
2025-05-31 16:04:41,938 - Task_DataCompareTask - INFO - 开始比对数据，表: raw_index_us_stock_sina, 新数据行数: 5387
2025-05-31 16:04:41,956 - Task_DataCompareTask - ERROR - 任务执行失败: pipeline_index_us_stock_sina_20250531160441_compare, 错误: 数据查询失败: raw_index_us_stock_sina
2025-05-31 16:04:41,956 - Task_DataCompareTask - INFO - 任务执行耗时: 0.02秒
2025-05-31 16:05:44,017 - Task_DataCompareTask - INFO - 开始执行任务: pipeline_index_us_stock_sina_20250531160543_compare
2025-05-31 16:05:44,017 - Task_DataCompareTask - INFO - 开始比对数据，表: raw_index_us_stock_sina, 新数据行数: 5387
2025-05-31 16:05:44,035 - Task_DataCompareTask - ERROR - 任务执行失败: pipeline_index_us_stock_sina_20250531160543_compare, 错误: 数据查询失败: raw_index_us_stock_sina
2025-05-31 16:05:44,035 - Task_DataCompareTask - INFO - 任务执行耗时: 0.02秒
2025-05-31 16:16:55,454 - Task_DataCompareTask - INFO - 开始执行任务: pipeline_index_us_stock_sina_20250531161654_compare
2025-05-31 16:16:55,454 - Task_DataCompareTask - INFO - 开始比对数据，表: raw_index_us_stock_sina, 新数据行数: 5387
2025-05-31 16:16:55,456 - Task_DataCompareTask - ERROR - 任务执行失败: pipeline_index_us_stock_sina_20250531161654_compare, 错误: 数据库连接初始化失败: (pymysql.err.OperationalError) (1045, "Access denied for user 'root'@'localhost' (using password: NO)")
(Background on this error at: https://sqlalche.me/e/20/e3q8)
2025-05-31 16:16:55,456 - Task_DataCompareTask - INFO - 任务执行耗时: 0.00秒
2025-05-31 16:37:32,066 - Task_DataCompareTask - INFO - 开始执行任务: pipeline_index_us_stock_sina_20250531163731_compare
2025-05-31 16:37:32,067 - Task_DataCompareTask - INFO - 开始比对数据，表: raw_index_us_stock_sina, 新数据行数: 5387
2025-05-31 16:37:32,084 - Task_DataCompareTask - ERROR - 任务执行失败: pipeline_index_us_stock_sina_20250531163731_compare, 错误: 反射表结构失败: (pymysql.err.OperationalError) (1046, 'No database selected')
[SQL: SHOW CREATE TABLE `raw_index_us_stock_sina`]
(Background on this error at: https://sqlalche.me/e/20/e3q8)
2025-05-31 16:37:32,085 - Task_DataCompareTask - INFO - 任务执行耗时: 0.02秒
2025-05-31 16:41:27,748 - Task_DataCompareTask - INFO - 开始执行任务: pipeline_index_us_stock_sina_20250531164127_compare
2025-05-31 16:41:27,748 - Task_DataCompareTask - INFO - 开始比对数据，表: raw_index_us_stock_sina, 新数据行数: 5387
2025-05-31 16:41:27,767 - Task_DataCompareTask - ERROR - 任务执行失败: pipeline_index_us_stock_sina_20250531164127_compare, 错误: 数据查询失败: raw_index_us_stock_sina
2025-05-31 16:41:27,767 - Task_DataCompareTask - INFO - 任务执行耗时: 0.02秒
2025-05-31 17:23:26,816 - Task_DataCompareTask - INFO - 开始执行任务: pipeline_index_us_stock_sina_20250531172326_compare
2025-05-31 17:23:26,817 - Task_DataCompareTask - INFO - 开始比对数据，表: raw_index_us_stock_sina, 新数据行数: 5387
2025-05-31 17:23:26,835 - Task_DataCompareTask - ERROR - 任务执行失败: pipeline_index_us_stock_sina_20250531172326_compare, 错误: 反射表结构失败: raw_index_us_stock_sina
2025-05-31 17:23:26,835 - Task_DataCompareTask - INFO - 任务执行耗时: 0.02秒
2025-05-31 17:25:52,665 - Task_DataCompareTask - INFO - 开始执行任务: pipeline_index_us_stock_sina_20250531172552_compare
2025-05-31 17:25:52,666 - Task_DataCompareTask - INFO - 开始比对数据，表: raw_index_us_stock_sina, 新数据行数: 5387
2025-05-31 17:25:52,688 - Task_DataCompareTask - ERROR - 任务执行失败: pipeline_index_us_stock_sina_20250531172552_compare, 错误: 反射表结构失败: raw_index_us_stock_sina
2025-05-31 17:25:52,688 - Task_DataCompareTask - INFO - 任务执行耗时: 0.02秒
2025-05-31 17:34:02,801 - Task_DataCompareTask - INFO - 开始执行任务: pipeline_index_us_stock_sina_20250531173402_compare
2025-05-31 17:34:02,801 - Task_DataCompareTask - INFO - 开始比对数据，表: raw_index_us_stock_sina, 新数据行数: 5387
2025-05-31 17:34:02,821 - Task_DataCompareTask - ERROR - 任务执行失败: pipeline_index_us_stock_sina_20250531173402_compare, 错误: 反射表结构失败: raw_index_us_stock_sina
2025-05-31 17:34:02,822 - Task_DataCompareTask - INFO - 任务执行耗时: 0.02秒
2025-05-31 17:41:43,002 - Task_DataCompareTask - INFO - 开始执行任务: pipeline_index_us_stock_sina_20250531174142_compare
2025-05-31 17:41:43,002 - Task_DataCompareTask - INFO - 开始比对数据，表: raw_index_us_stock_sina, 新数据行数: 5387
2025-05-31 17:41:43,003 - Task_DataCompareTask - ERROR - 任务执行失败: pipeline_index_us_stock_sina_20250531174142_compare, 错误: 数据库连接初始化失败: (pymysql.err.OperationalError) (1045, "Access denied for user 'root'@'localhost' (using password: NO)")
(Background on this error at: https://sqlalche.me/e/20/e3q8)
2025-05-31 17:41:43,003 - Task_DataCompareTask - INFO - 任务执行耗时: 0.00秒
2025-05-31 17:43:05,779 - Task_DataCompareTask - INFO - 开始执行任务: pipeline_index_us_stock_sina_20250531174305_compare
2025-05-31 17:43:05,779 - Task_DataCompareTask - INFO - 开始比对数据，表: raw_index_us_stock_sina, 新数据行数: 5387
2025-05-31 17:43:05,781 - Task_DataCompareTask - ERROR - 任务执行失败: pipeline_index_us_stock_sina_20250531174305_compare, 错误: 数据库连接初始化失败: (pymysql.err.OperationalError) (1045, "Access denied for user 'root'@'localhost' (using password: NO)")
(Background on this error at: https://sqlalche.me/e/20/e3q8)
2025-05-31 17:43:05,781 - Task_DataCompareTask - INFO - 任务执行耗时: 0.00秒
2025-05-31 17:44:32,844 - Task_DataCompareTask - INFO - 开始执行任务: pipeline_index_us_stock_sina_20250531174432_compare
2025-05-31 17:44:32,844 - Task_DataCompareTask - INFO - 开始比对数据，表: raw_index_us_stock_sina, 新数据行数: 5387
2025-05-31 17:44:32,861 - Task_DataCompareTask - ERROR - 任务执行失败: pipeline_index_us_stock_sina_20250531174432_compare, 错误: 反射表结构失败: (pymysql.err.OperationalError) (1046, 'No database selected')
[SQL: SHOW CREATE TABLE `raw_index_us_stock_sina`]
(Background on this error at: https://sqlalche.me/e/20/e3q8)
2025-05-31 17:44:32,861 - Task_DataCompareTask - INFO - 任务执行耗时: 0.02秒
2025-05-31 17:45:06,700 - Task_DataCompareTask - INFO - 开始执行任务: pipeline_index_us_stock_sina_20250531174506_compare
2025-05-31 17:45:06,700 - Task_DataCompareTask - INFO - 开始比对数据，表: raw_index_us_stock_sina, 新数据行数: 5387
2025-05-31 17:45:06,717 - Task_DataCompareTask - ERROR - 任务执行失败: pipeline_index_us_stock_sina_20250531174506_compare, 错误: 反射表结构失败: raw_index_us_stock_sina
2025-05-31 17:45:06,717 - Task_DataCompareTask - INFO - 任务执行耗时: 0.02秒
2025-05-31 17:46:26,339 - Task_DataCompareTask - INFO - 开始执行任务: pipeline_index_us_stock_sina_20250531174625_compare
2025-05-31 17:46:26,339 - Task_DataCompareTask - INFO - 开始比对数据，表: raw_index_us_stock_sina, 新数据行数: 5387
2025-05-31 17:46:26,356 - Task_DataCompareTask - ERROR - 任务执行失败: pipeline_index_us_stock_sina_20250531174625_compare, 错误: 反射表结构失败: raw_index_us_stock_sina
2025-05-31 17:46:26,356 - Task_DataCompareTask - INFO - 任务执行耗时: 0.02秒
