2025-05-29 16:09:00,933 - Task_DataProcessTask - INFO - 开始执行任务: pipeline_stock_zh_a_hist_20250529160859_process
2025-05-29 16:09:00,933 - Task_DataProcessTask - INFO - 开始处理数据，输入数据行数: 8162
2025-05-29 16:09:00,943 - Task_DataProcessTask - INFO - 数据清洗完成，清洗后数据行数: 8162
2025-05-29 16:09:00,944 - Task_DataProcessTask - ERROR - 任务执行失败: pipeline_stock_zh_a_hist_20250529160859_process, 错误: 数据转换失败: 未找到接口 stock_zh_a_hist 的模式映射
2025-05-29 16:09:00,944 - Task_DataProcessTask - INFO - 任务执行耗时: 0.01秒
2025-05-29 21:25:15,944 - Task_DataProcessTask - INFO - 开始执行任务: pipeline_stock_zh_a_hist_20250529212515_process
2025-05-29 21:25:15,945 - Task_DataProcessTask - INFO - 开始处理数据，输入数据行数: 8162
2025-05-29 21:25:15,954 - Task_DataProcessTask - INFO - 数据清洗完成，清洗后数据行数: 8162
2025-05-29 21:25:15,955 - Task_DataProcessTask - ERROR - 任务执行失败: pipeline_stock_zh_a_hist_20250529212515_process, 错误: 数据转换失败: "['代码', '名称'] not in index"
2025-05-29 21:25:15,955 - Task_DataProcessTask - INFO - 任务执行耗时: 0.01秒
2025-05-29 21:43:35,904 - Task_DataProcessTask - INFO - 开始执行任务: pipeline_stock_zh_a_hist_20250529214335_process
2025-05-29 21:43:35,904 - Task_DataProcessTask - INFO - 开始处理数据，输入数据行数: 8162
2025-05-29 21:43:35,909 - Task_DataProcessTask - INFO - 数据清洗完成，清洗后数据行数: 8162
2025-05-29 21:43:35,909 - Task_DataProcessTask - INFO - 任务执行成功: pipeline_stock_zh_a_hist_20250529214335_process
2025-05-29 21:43:35,909 - Task_DataProcessTask - INFO - 任务执行耗时: 0.01秒
2025-05-29 22:01:08,716 - Task_DataProcessTask - INFO - 开始执行任务: pipeline_stock_zh_a_hist_20250529220108_process
2025-05-29 22:01:08,717 - Task_DataProcessTask - INFO - 开始处理数据，输入数据行数: 8162
2025-05-29 22:01:08,724 - Task_DataProcessTask - INFO - 数据清洗完成，清洗后数据行数: 8162
2025-05-29 22:01:08,724 - Task_DataProcessTask - INFO - 任务执行成功: pipeline_stock_zh_a_hist_20250529220108_process
2025-05-29 22:01:08,724 - Task_DataProcessTask - INFO - 任务执行耗时: 0.01秒
