2025-05-31 14:31:19,702 - Task_DataFetchTask - INFO - 开始执行任务: pipeline_index_us_stock_sina{.INX}_20250531143119_fetch
2025-05-31 14:31:19,703 - Task_DataFetchTask - INFO - 开始获取数据: index_us_stock_sina{.INX}
2025-05-31 14:31:19,943 - Task_DataFetchTask - ERROR - 任务执行失败: pipeline_index_us_stock_sina{.INX}_20250531143119_fetch, 错误: 获取数据失败: index_us_stock_sina{.INX}, 错误: 接口不存在: index_us_stock_sina{.INX}
2025-05-31 14:31:19,943 - Task_DataFetchTask - INFO - 任务执行耗时: 0.24秒
2025-05-31 14:33:21,462 - Task_DataFetchTask - INFO - 开始执行任务: pipeline_index_us_stock_sina{symbol=.INX}_20250531143321_fetch
2025-05-31 14:33:21,462 - Task_DataFetchTask - INFO - 开始获取数据: index_us_stock_sina{symbol=.INX}
2025-05-31 14:33:21,650 - Task_DataFetchTask - ERROR - 任务执行失败: pipeline_index_us_stock_sina{symbol=.INX}_20250531143321_fetch, 错误: 获取数据失败: index_us_stock_sina{symbol=.INX}, 错误: 接口不存在: index_us_stock_sina{symbol=.INX}
2025-05-31 14:33:21,651 - Task_DataFetchTask - INFO - 任务执行耗时: 0.19秒
2025-05-31 14:54:05,577 - Task_DataFetchTask - INFO - 开始执行任务: pipeline_index_us_stock_sina_20250531145405_fetch
2025-05-31 14:54:05,577 - Task_DataFetchTask - INFO - 开始获取数据: index_us_stock_sina
2025-05-31 14:54:06,033 - Task_DataFetchTask - INFO - 数据获取成功: index_us_stock_sina, 行数: 5390
2025-05-31 14:54:06,033 - Task_DataFetchTask - INFO - 任务执行成功: pipeline_index_us_stock_sina_20250531145405_fetch
2025-05-31 14:54:06,033 - Task_DataFetchTask - INFO - 任务执行耗时: 0.46秒
2025-05-31 15:09:11,389 - Task_DataFetchTask - INFO - 开始执行任务: pipeline_index_us_stock_sina_20250531150911_fetch
2025-05-31 15:09:11,389 - Task_DataFetchTask - INFO - 开始获取数据: index_us_stock_sina
2025-05-31 15:09:11,843 - Task_DataFetchTask - INFO - 数据获取成功: index_us_stock_sina, 行数: 5387
2025-05-31 15:09:11,843 - Task_DataFetchTask - INFO - 任务执行成功: pipeline_index_us_stock_sina_20250531150911_fetch
2025-05-31 15:09:11,844 - Task_DataFetchTask - INFO - 任务执行耗时: 0.45秒
2025-05-31 15:11:57,375 - Task_DataFetchTask - INFO - 开始执行任务: pipeline_index_us_stock_sina_20250531151157_fetch
2025-05-31 15:11:57,375 - Task_DataFetchTask - INFO - 开始获取数据: index_us_stock_sina
2025-05-31 15:11:57,778 - Task_DataFetchTask - INFO - 数据获取成功: index_us_stock_sina, 行数: 5387
2025-05-31 15:11:57,778 - Task_DataFetchTask - INFO - 任务执行成功: pipeline_index_us_stock_sina_20250531151157_fetch
2025-05-31 15:11:57,778 - Task_DataFetchTask - INFO - 任务执行耗时: 0.40秒
2025-05-31 15:12:31,124 - Task_DataFetchTask - INFO - 开始执行任务: pipeline_index_us_stock_sina_20250531151231_fetch
2025-05-31 15:12:31,124 - Task_DataFetchTask - INFO - 开始获取数据: index_us_stock_sina
2025-05-31 15:12:31,506 - Task_DataFetchTask - INFO - 数据获取成功: index_us_stock_sina, 行数: 5387
2025-05-31 15:12:31,506 - Task_DataFetchTask - INFO - 任务执行成功: pipeline_index_us_stock_sina_20250531151231_fetch
2025-05-31 15:12:31,506 - Task_DataFetchTask - INFO - 任务执行耗时: 0.38秒
2025-05-31 15:19:37,672 - Task_DataFetchTask - INFO - 开始执行任务: pipeline_index_us_stock_sina_20250531151937_fetch
2025-05-31 15:19:37,672 - Task_DataFetchTask - INFO - 开始获取数据: index_us_stock_sina
2025-05-31 15:19:38,062 - Task_DataFetchTask - INFO - 数据获取成功: index_us_stock_sina, 行数: 5387
2025-05-31 15:19:38,062 - Task_DataFetchTask - INFO - 任务执行成功: pipeline_index_us_stock_sina_20250531151937_fetch
2025-05-31 15:19:38,062 - Task_DataFetchTask - INFO - 任务执行耗时: 0.39秒
2025-05-31 15:22:54,040 - Task_DataFetchTask - INFO - 开始执行任务: pipeline_index_us_stock_sina_20250531152254_fetch
2025-05-31 15:22:54,040 - Task_DataFetchTask - INFO - 开始获取数据: index_us_stock_sina
2025-05-31 15:22:54,450 - Task_DataFetchTask - INFO - 数据获取成功: index_us_stock_sina, 行数: 5387
2025-05-31 15:22:54,450 - Task_DataFetchTask - INFO - 任务执行成功: pipeline_index_us_stock_sina_20250531152254_fetch
2025-05-31 15:22:54,450 - Task_DataFetchTask - INFO - 任务执行耗时: 0.41秒
2025-05-31 15:33:30,232 - Task_DataFetchTask - INFO - 开始执行任务: pipeline_index_us_stock_sina_20250531153330_fetch
2025-05-31 15:33:30,233 - Task_DataFetchTask - INFO - 开始获取数据: index_us_stock_sina
2025-05-31 15:33:30,623 - Task_DataFetchTask - INFO - 数据获取成功: index_us_stock_sina, 行数: 5387
2025-05-31 15:33:30,623 - Task_DataFetchTask - INFO - 任务执行成功: pipeline_index_us_stock_sina_20250531153330_fetch
2025-05-31 15:33:30,623 - Task_DataFetchTask - INFO - 任务执行耗时: 0.39秒
2025-05-31 15:43:58,218 - Task_DataFetchTask - INFO - 开始执行任务: pipeline_index_us_stock_sina_20250531154358_fetch
2025-05-31 15:43:58,219 - Task_DataFetchTask - INFO - 开始获取数据: index_us_stock_sina
2025-05-31 15:43:58,687 - Task_DataFetchTask - INFO - 数据获取成功: index_us_stock_sina, 行数: 5387
2025-05-31 15:43:58,688 - Task_DataFetchTask - INFO - 任务执行成功: pipeline_index_us_stock_sina_20250531154358_fetch
2025-05-31 15:43:58,688 - Task_DataFetchTask - INFO - 任务执行耗时: 0.47秒
2025-05-31 15:45:01,118 - Task_DataFetchTask - INFO - 开始执行任务: pipeline_index_us_stock_sina_20250531154501_fetch
2025-05-31 15:45:01,118 - Task_DataFetchTask - INFO - 开始获取数据: index_us_stock_sina
2025-05-31 15:45:01,533 - Task_DataFetchTask - INFO - 数据获取成功: index_us_stock_sina, 行数: 5387
2025-05-31 15:45:01,534 - Task_DataFetchTask - INFO - 任务执行成功: pipeline_index_us_stock_sina_20250531154501_fetch
2025-05-31 15:45:01,534 - Task_DataFetchTask - INFO - 任务执行耗时: 0.42秒
2025-05-31 16:04:41,489 - Task_DataFetchTask - INFO - 开始执行任务: pipeline_index_us_stock_sina_20250531160441_fetch
2025-05-31 16:04:41,489 - Task_DataFetchTask - INFO - 开始获取数据: index_us_stock_sina
2025-05-31 16:04:41,932 - Task_DataFetchTask - INFO - 数据获取成功: index_us_stock_sina, 行数: 5387
2025-05-31 16:04:41,933 - Task_DataFetchTask - INFO - 任务执行成功: pipeline_index_us_stock_sina_20250531160441_fetch
2025-05-31 16:04:41,933 - Task_DataFetchTask - INFO - 任务执行耗时: 0.44秒
2025-05-31 16:05:43,520 - Task_DataFetchTask - INFO - 开始执行任务: pipeline_index_us_stock_sina_20250531160543_fetch
2025-05-31 16:05:43,520 - Task_DataFetchTask - INFO - 开始获取数据: index_us_stock_sina
2025-05-31 16:05:44,012 - Task_DataFetchTask - INFO - 数据获取成功: index_us_stock_sina, 行数: 5387
2025-05-31 16:05:44,013 - Task_DataFetchTask - INFO - 任务执行成功: pipeline_index_us_stock_sina_20250531160543_fetch
2025-05-31 16:05:44,013 - Task_DataFetchTask - INFO - 任务执行耗时: 0.49秒
2025-05-31 16:16:54,944 - Task_DataFetchTask - INFO - 开始执行任务: pipeline_index_us_stock_sina_20250531161654_fetch
2025-05-31 16:16:54,944 - Task_DataFetchTask - INFO - 开始获取数据: index_us_stock_sina
2025-05-31 16:16:55,450 - Task_DataFetchTask - INFO - 数据获取成功: index_us_stock_sina, 行数: 5387
2025-05-31 16:16:55,450 - Task_DataFetchTask - INFO - 任务执行成功: pipeline_index_us_stock_sina_20250531161654_fetch
2025-05-31 16:16:55,450 - Task_DataFetchTask - INFO - 任务执行耗时: 0.51秒
2025-05-31 16:37:31,646 - Task_DataFetchTask - INFO - 开始执行任务: pipeline_index_us_stock_sina_20250531163731_fetch
2025-05-31 16:37:31,646 - Task_DataFetchTask - INFO - 开始获取数据: index_us_stock_sina
2025-05-31 16:37:32,061 - Task_DataFetchTask - INFO - 数据获取成功: index_us_stock_sina, 行数: 5387
2025-05-31 16:37:32,062 - Task_DataFetchTask - INFO - 任务执行成功: pipeline_index_us_stock_sina_20250531163731_fetch
2025-05-31 16:37:32,062 - Task_DataFetchTask - INFO - 任务执行耗时: 0.42秒
2025-05-31 16:41:27,282 - Task_DataFetchTask - INFO - 开始执行任务: pipeline_index_us_stock_sina_20250531164127_fetch
2025-05-31 16:41:27,283 - Task_DataFetchTask - INFO - 开始获取数据: index_us_stock_sina
2025-05-31 16:41:27,743 - Task_DataFetchTask - INFO - 数据获取成功: index_us_stock_sina, 行数: 5387
2025-05-31 16:41:27,743 - Task_DataFetchTask - INFO - 任务执行成功: pipeline_index_us_stock_sina_20250531164127_fetch
2025-05-31 16:41:27,744 - Task_DataFetchTask - INFO - 任务执行耗时: 0.46秒
2025-05-31 17:23:26,349 - Task_DataFetchTask - INFO - 开始执行任务: pipeline_index_us_stock_sina_20250531172326_fetch
2025-05-31 17:23:26,350 - Task_DataFetchTask - INFO - 开始获取数据: index_us_stock_sina
2025-05-31 17:23:26,811 - Task_DataFetchTask - INFO - 数据获取成功: index_us_stock_sina, 行数: 5387
2025-05-31 17:23:26,811 - Task_DataFetchTask - INFO - 任务执行成功: pipeline_index_us_stock_sina_20250531172326_fetch
2025-05-31 17:23:26,811 - Task_DataFetchTask - INFO - 任务执行耗时: 0.46秒
2025-05-31 17:25:52,087 - Task_DataFetchTask - INFO - 开始执行任务: pipeline_index_us_stock_sina_20250531172552_fetch
2025-05-31 17:25:52,087 - Task_DataFetchTask - INFO - 开始获取数据: index_us_stock_sina
2025-05-31 17:25:52,660 - Task_DataFetchTask - INFO - 数据获取成功: index_us_stock_sina, 行数: 5387
2025-05-31 17:25:52,660 - Task_DataFetchTask - INFO - 任务执行成功: pipeline_index_us_stock_sina_20250531172552_fetch
2025-05-31 17:25:52,661 - Task_DataFetchTask - INFO - 任务执行耗时: 0.57秒
2025-05-31 17:34:02,404 - Task_DataFetchTask - INFO - 开始执行任务: pipeline_index_us_stock_sina_20250531173402_fetch
2025-05-31 17:34:02,404 - Task_DataFetchTask - INFO - 开始获取数据: index_us_stock_sina
2025-05-31 17:34:02,798 - Task_DataFetchTask - INFO - 数据获取成功: index_us_stock_sina, 行数: 5387
2025-05-31 17:34:02,798 - Task_DataFetchTask - INFO - 任务执行成功: pipeline_index_us_stock_sina_20250531173402_fetch
2025-05-31 17:34:02,798 - Task_DataFetchTask - INFO - 任务执行耗时: 0.39秒
2025-05-31 17:41:42,567 - Task_DataFetchTask - INFO - 开始执行任务: pipeline_index_us_stock_sina_20250531174142_fetch
2025-05-31 17:41:42,567 - Task_DataFetchTask - INFO - 开始获取数据: index_us_stock_sina
2025-05-31 17:41:42,997 - Task_DataFetchTask - INFO - 数据获取成功: index_us_stock_sina, 行数: 5387
2025-05-31 17:41:42,997 - Task_DataFetchTask - INFO - 任务执行成功: pipeline_index_us_stock_sina_20250531174142_fetch
2025-05-31 17:41:42,997 - Task_DataFetchTask - INFO - 任务执行耗时: 0.43秒
2025-05-31 17:43:05,376 - Task_DataFetchTask - INFO - 开始执行任务: pipeline_index_us_stock_sina_20250531174305_fetch
2025-05-31 17:43:05,376 - Task_DataFetchTask - INFO - 开始获取数据: index_us_stock_sina
2025-05-31 17:43:05,774 - Task_DataFetchTask - INFO - 数据获取成功: index_us_stock_sina, 行数: 5387
2025-05-31 17:43:05,774 - Task_DataFetchTask - INFO - 任务执行成功: pipeline_index_us_stock_sina_20250531174305_fetch
2025-05-31 17:43:05,775 - Task_DataFetchTask - INFO - 任务执行耗时: 0.40秒
2025-05-31 17:44:32,464 - Task_DataFetchTask - INFO - 开始执行任务: pipeline_index_us_stock_sina_20250531174432_fetch
2025-05-31 17:44:32,464 - Task_DataFetchTask - INFO - 开始获取数据: index_us_stock_sina
2025-05-31 17:44:32,839 - Task_DataFetchTask - INFO - 数据获取成功: index_us_stock_sina, 行数: 5387
2025-05-31 17:44:32,840 - Task_DataFetchTask - INFO - 任务执行成功: pipeline_index_us_stock_sina_20250531174432_fetch
2025-05-31 17:44:32,840 - Task_DataFetchTask - INFO - 任务执行耗时: 0.38秒
2025-05-31 17:45:06,291 - Task_DataFetchTask - INFO - 开始执行任务: pipeline_index_us_stock_sina_20250531174506_fetch
2025-05-31 17:45:06,291 - Task_DataFetchTask - INFO - 开始获取数据: index_us_stock_sina
2025-05-31 17:45:06,695 - Task_DataFetchTask - INFO - 数据获取成功: index_us_stock_sina, 行数: 5387
2025-05-31 17:45:06,695 - Task_DataFetchTask - INFO - 任务执行成功: pipeline_index_us_stock_sina_20250531174506_fetch
2025-05-31 17:45:06,695 - Task_DataFetchTask - INFO - 任务执行耗时: 0.40秒
2025-05-31 17:46:25,927 - Task_DataFetchTask - INFO - 开始执行任务: pipeline_index_us_stock_sina_20250531174625_fetch
2025-05-31 17:46:25,927 - Task_DataFetchTask - INFO - 开始获取数据: index_us_stock_sina
2025-05-31 17:46:26,335 - Task_DataFetchTask - INFO - 数据获取成功: index_us_stock_sina, 行数: 5387
2025-05-31 17:46:26,335 - Task_DataFetchTask - INFO - 任务执行成功: pipeline_index_us_stock_sina_20250531174625_fetch
2025-05-31 17:46:26,335 - Task_DataFetchTask - INFO - 任务执行耗时: 0.41秒
